{"C:\\Users\\HP\\OneDrive - Coventry University\\Documents\\MERN\\HardwareHouse\\server\\app.js": {"path":"C:\\Users\\HP\\OneDrive - Coventry University\\Documents\\MERN\\HardwareHouse\\server\\app.js","statementMap":{"0":{"start":{"line":3,"column":16},"end":{"line":3,"column":34}},"1":{"start":{"line":4,"column":12},"end":{"line":4,"column":21}},"2":{"start":{"line":5,"column":0},"end":{"line":5,"column":27}},"3":{"start":{"line":6,"column":17},"end":{"line":6,"column":36}},"4":{"start":{"line":7,"column":15},"end":{"line":7,"column":32}},"5":{"start":{"line":8,"column":21},"end":{"line":8,"column":45}},"6":{"start":{"line":9,"column":13},"end":{"line":9,"column":28}},"7":{"start":{"line":12,"column":19},"end":{"line":12,"column":43}},"8":{"start":{"line":13,"column":23},"end":{"line":13,"column":53}},"9":{"start":{"line":15,"column":22},"end":{"line":15,"column":50}},"10":{"start":{"line":16,"column":24},"end":{"line":16,"column":53}},"11":{"start":{"line":17,"column":20},"end":{"line":17,"column":46}},"12":{"start":{"line":18,"column":20},"end":{"line":18,"column":45}},"13":{"start":{"line":19,"column":24},"end":{"line":19,"column":53}},"14":{"start":{"line":21,"column":23},"end":{"line":21,"column":51}},"15":{"start":{"line":22,"column":24},"end":{"line":22,"column":68}},"16":{"start":{"line":25,"column":0},"end":{"line":25,"column":18}},"17":{"start":{"line":28,"column":0},"end":{"line":39,"column":61}},"18":{"start":{"line":35,"column":4},"end":{"line":37,"column":5}},"19":{"start":{"line":39,"column":18},"end":{"line":39,"column":59}},"20":{"start":{"line":42,"column":0},"end":{"line":42,"column":23}},"21":{"start":{"line":43,"column":0},"end":{"line":43,"column":24}},"22":{"start":{"line":44,"column":0},"end":{"line":44,"column":16}},"23":{"start":{"line":45,"column":0},"end":{"line":45,"column":34}},"24":{"start":{"line":46,"column":0},"end":{"line":46,"column":49}},"25":{"start":{"line":47,"column":0},"end":{"line":47,"column":24}},"26":{"start":{"line":50,"column":0},"end":{"line":50,"column":28}},"27":{"start":{"line":51,"column":0},"end":{"line":51,"column":34}},"28":{"start":{"line":52,"column":0},"end":{"line":52,"column":41}},"29":{"start":{"line":53,"column":0},"end":{"line":53,"column":39}},"30":{"start":{"line":54,"column":0},"end":{"line":54,"column":33}},"31":{"start":{"line":55,"column":0},"end":{"line":55,"column":35}},"32":{"start":{"line":56,"column":0},"end":{"line":56,"column":43}},"33":{"start":{"line":59,"column":13},"end":{"line":59,"column":37}},"34":{"start":{"line":60,"column":0},"end":{"line":62,"column":3}},"35":{"start":{"line":61,"column":2},"end":{"line":61,"column":45}},"36":{"start":{"line":64,"column":0},"end":{"line":64,"column":20}}},"fnMap":{"0":{"name":"(anonymous_0)","decl":{"start":{"line":34,"column":8},"end":{"line":34,"column":9}},"loc":{"start":{"line":35,"column":4},"end":{"line":37,"column":5}},"line":35},"1":{"name":"(anonymous_1)","decl":{"start":{"line":39,"column":9},"end":{"line":39,"column":10}},"loc":{"start":{"line":39,"column":18},"end":{"line":39,"column":59}},"line":39},"2":{"name":"(anonymous_2)","decl":{"start":{"line":60,"column":17},"end":{"line":60,"column":18}},"loc":{"start":{"line":60,"column":23},"end":{"line":62,"column":1}},"line":60}},"branchMap":{"0":{"loc":{"start":{"line":59,"column":13},"end":{"line":59,"column":37}},"type":"binary-expr","locations":[{"start":{"line":59,"column":13},"end":{"line":59,"column":29}},{"start":{"line":59,"column":33},"end":{"line":59,"column":37}}],"line":59}},"s":{"0":1,"1":1,"2":1,"3":1,"4":1,"5":1,"6":1,"7":1,"8":1,"9":1,"10":1,"11":1,"12":1,"13":1,"14":1,"15":1,"16":1,"17":1,"18":1,"19":0,"20":1,"21":1,"22":1,"23":1,"24":1,"25":1,"26":1,"27":1,"28":1,"29":1,"30":1,"31":1,"32":1,"33":1,"34":1,"35":1,"36":1},"f":{"0":1,"1":0,"2":1},"b":{"0":[1,0]},"_coverageSchema":"1a1c01bbd47fc00a2c39e90264f33305004495a9","hash":"19f007de79348150ed2d64def818c10d372203ec"}
,"C:\\Users\\HP\\OneDrive - Coventry University\\Documents\\MERN\\HardwareHouse\\server\\config\\function.js": {"path":"C:\\Users\\HP\\OneDrive - Coventry University\\Documents\\MERN\\HardwareHouse\\server\\config\\function.js","statementMap":{"0":{"start":{"line":2,"column":18},"end":{"line":2,"column":44}},"1":{"start":{"line":4,"column":0},"end":{"line":8,"column":2}},"2":{"start":{"line":5,"column":2},"end":{"line":7,"column":5}},"3":{"start":{"line":6,"column":4},"end":{"line":6,"column":69}},"4":{"start":{"line":10,"column":0},"end":{"line":16,"column":2}},"5":{"start":{"line":11,"column":2},"end":{"line":15,"column":3}},"6":{"start":{"line":12,"column":4},"end":{"line":12,"column":16}},"7":{"start":{"line":14,"column":4},"end":{"line":14,"column":17}},"8":{"start":{"line":18,"column":0},"end":{"line":27,"column":2}},"9":{"start":{"line":19,"column":13},"end":{"line":19,"column":54}},"10":{"start":{"line":20,"column":2},"end":{"line":26,"column":5}},"11":{"start":{"line":21,"column":4},"end":{"line":25,"column":5}},"12":{"start":{"line":22,"column":6},"end":{"line":22,"column":19}},"13":{"start":{"line":24,"column":6},"end":{"line":24,"column":18}},"14":{"start":{"line":29,"column":0},"end":{"line":38,"column":2}},"15":{"start":{"line":30,"column":13},"end":{"line":30,"column":66}},"16":{"start":{"line":31,"column":2},"end":{"line":37,"column":5}},"17":{"start":{"line":32,"column":4},"end":{"line":36,"column":5}},"18":{"start":{"line":33,"column":6},"end":{"line":33,"column":18}},"19":{"start":{"line":35,"column":6},"end":{"line":35,"column":19}}},"fnMap":{"0":{"name":"(anonymous_0)","decl":{"start":{"line":4,"column":22},"end":{"line":4,"column":23}},"loc":{"start":{"line":4,"column":37},"end":{"line":8,"column":1}},"line":4},"1":{"name":"(anonymous_1)","decl":{"start":{"line":5,"column":31},"end":{"line":5,"column":32}},"loc":{"start":{"line":5,"column":46},"end":{"line":7,"column":3}},"line":5},"2":{"name":"(anonymous_2)","decl":{"start":{"line":10,"column":24},"end":{"line":10,"column":25}},"loc":{"start":{"line":10,"column":40},"end":{"line":16,"column":1}},"line":10},"3":{"name":"(anonymous_3)","decl":{"start":{"line":18,"column":31},"end":{"line":18,"column":32}},"loc":{"start":{"line":18,"column":54},"end":{"line":27,"column":1}},"line":18},"4":{"name":"(anonymous_4)","decl":{"start":{"line":20,"column":12},"end":{"line":20,"column":13}},"loc":{"start":{"line":20,"column":27},"end":{"line":26,"column":3}},"line":20},"5":{"name":"(anonymous_5)","decl":{"start":{"line":29,"column":37},"end":{"line":29,"column":38}},"loc":{"start":{"line":29,"column":66},"end":{"line":38,"column":1}},"line":29},"6":{"name":"(anonymous_6)","decl":{"start":{"line":31,"column":12},"end":{"line":31,"column":13}},"loc":{"start":{"line":31,"column":27},"end":{"line":37,"column":3}},"line":31}},"branchMap":{"0":{"loc":{"start":{"line":11,"column":2},"end":{"line":15,"column":3}},"type":"if","locations":[{"start":{"line":11,"column":2},"end":{"line":15,"column":3}},{"start":{"line":13,"column":9},"end":{"line":15,"column":3}}],"line":11},"1":{"loc":{"start":{"line":21,"column":4},"end":{"line":25,"column":5}},"type":"if","locations":[{"start":{"line":21,"column":4},"end":{"line":25,"column":5}},{"start":{"line":23,"column":11},"end":{"line":25,"column":5}}],"line":21},"2":{"loc":{"start":{"line":32,"column":4},"end":{"line":36,"column":5}},"type":"if","locations":[{"start":{"line":32,"column":4},"end":{"line":36,"column":5}},{"start":{"line":34,"column":11},"end":{"line":36,"column":5}}],"line":32}},"s":{"0":1,"1":1,"2":1,"3":1,"4":1,"5":1,"6":1,"7":0,"8":1,"9":0,"10":0,"11":0,"12":0,"13":0,"14":1,"15":0,"16":0,"17":0,"18":0,"19":0},"f":{"0":1,"1":1,"2":1,"3":0,"4":0,"5":0,"6":0},"b":{"0":[1,0],"1":[0,0],"2":[0,0]},"_coverageSchema":"1a1c01bbd47fc00a2c39e90264f33305004495a9","hash":"fc262454fbf7a957658837d3b08da74a8c3a34d7"}
,"C:\\Users\\HP\\OneDrive - Coventry University\\Documents\\MERN\\HardwareHouse\\server\\config\\keys.js": {"path":"C:\\Users\\HP\\OneDrive - Coventry University\\Documents\\MERN\\HardwareHouse\\server\\config\\keys.js","statementMap":{"0":{"start":{"line":1,"column":0},"end":{"line":3,"column":2}}},"fnMap":{},"branchMap":{},"s":{"0":1},"f":{},"b":{},"_coverageSchema":"1a1c01bbd47fc00a2c39e90264f33305004495a9","hash":"73d132be638d093b2c834f0496553a18d51bd8fc"}
,"C:\\Users\\HP\\OneDrive - Coventry University\\Documents\\MERN\\HardwareHouse\\server\\config\\uploadFolderCreateScript.js": {"path":"C:\\Users\\HP\\OneDrive - Coventry University\\Documents\\MERN\\HardwareHouse\\server\\config\\uploadFolderCreateScript.js","statementMap":{"0":{"start":{"line":1,"column":11},"end":{"line":1,"column":24}},"1":{"start":{"line":3,"column":25},"end":{"line":3,"column":54}},"2":{"start":{"line":4,"column":24},"end":{"line":4,"column":52}},"3":{"start":{"line":5,"column":23},"end":{"line":5,"column":50}},"4":{"start":{"line":7,"column":24},"end":{"line":25,"column":1}},"5":{"start":{"line":8,"column":2},"end":{"line":12,"column":3}},"6":{"start":{"line":9,"column":4},"end":{"line":11,"column":7}},"7":{"start":{"line":14,"column":2},"end":{"line":18,"column":3}},"8":{"start":{"line":15,"column":4},"end":{"line":17,"column":7}},"9":{"start":{"line":20,"column":2},"end":{"line":24,"column":3}},"10":{"start":{"line":21,"column":4},"end":{"line":23,"column":7}},"11":{"start":{"line":27,"column":0},"end":{"line":27,"column":33}}},"fnMap":{"0":{"name":"(anonymous_0)","decl":{"start":{"line":7,"column":24},"end":{"line":7,"column":25}},"loc":{"start":{"line":7,"column":30},"end":{"line":25,"column":1}},"line":7}},"branchMap":{"0":{"loc":{"start":{"line":8,"column":2},"end":{"line":12,"column":3}},"type":"if","locations":[{"start":{"line":8,"column":2},"end":{"line":12,"column":3}},{"start":{},"end":{}}],"line":8},"1":{"loc":{"start":{"line":14,"column":2},"end":{"line":18,"column":3}},"type":"if","locations":[{"start":{"line":14,"column":2},"end":{"line":18,"column":3}},{"start":{},"end":{}}],"line":14},"2":{"loc":{"start":{"line":20,"column":2},"end":{"line":24,"column":3}},"type":"if","locations":[{"start":{"line":20,"column":2},"end":{"line":24,"column":3}},{"start":{},"end":{}}],"line":20}},"s":{"0":1,"1":1,"2":1,"3":1,"4":1,"5":1,"6":0,"7":1,"8":0,"9":1,"10":0,"11":1},"f":{"0":1},"b":{"0":[0,1],"1":[0,1],"2":[0,1]},"_coverageSchema":"1a1c01bbd47fc00a2c39e90264f33305004495a9","hash":"98b53ecbfba5184d6abecb754f4846a264d64611"}
,"C:\\Users\\HP\\OneDrive - Coventry University\\Documents\\MERN\\HardwareHouse\\server\\controller\\auth.js": {"path":"C:\\Users\\HP\\OneDrive - Coventry University\\Documents\\MERN\\HardwareHouse\\server\\controller\\auth.js","statementMap":{"0":{"start":{"line":1,"column":39},"end":{"line":1,"column":68}},"1":{"start":{"line":2,"column":15},"end":{"line":2,"column":34}},"2":{"start":{"line":3,"column":18},"end":{"line":3,"column":44}},"3":{"start":{"line":4,"column":12},"end":{"line":4,"column":35}},"4":{"start":{"line":5,"column":23},"end":{"line":5,"column":48}},"5":{"start":{"line":9,"column":29},"end":{"line":9,"column":37}},"6":{"start":{"line":10,"column":4},"end":{"line":15,"column":5}},"7":{"start":{"line":11,"column":29},"end":{"line":11,"column":69}},"8":{"start":{"line":12,"column":6},"end":{"line":12,"column":52}},"9":{"start":{"line":14,"column":6},"end":{"line":14,"column":22}},"10":{"start":{"line":19,"column":4},"end":{"line":24,"column":5}},"11":{"start":{"line":20,"column":20},"end":{"line":20,"column":44}},"12":{"start":{"line":21,"column":6},"end":{"line":21,"column":35}},"13":{"start":{"line":23,"column":6},"end":{"line":23,"column":22}},"14":{"start":{"line":29,"column":47},"end":{"line":29,"column":55}},"15":{"start":{"line":30,"column":16},"end":{"line":30,"column":18}},"16":{"start":{"line":31,"column":4},"end":{"line":40,"column":5}},"17":{"start":{"line":32,"column":6},"end":{"line":38,"column":8}},"18":{"start":{"line":39,"column":6},"end":{"line":39,"column":33}},"19":{"start":{"line":41,"column":4},"end":{"line":100,"column":5}},"20":{"start":{"line":42,"column":6},"end":{"line":42,"column":64}},"21":{"start":{"line":43,"column":6},"end":{"line":43,"column":33}},"22":{"start":{"line":45,"column":6},"end":{"line":99,"column":7}},"23":{"start":{"line":46,"column":8},"end":{"line":46,"column":33}},"24":{"start":{"line":47,"column":8},"end":{"line":90,"column":9}},"25":{"start":{"line":48,"column":10},"end":{"line":53,"column":12}},"26":{"start":{"line":54,"column":10},"end":{"line":54,"column":37}},"27":{"start":{"line":57,"column":10},"end":{"line":89,"column":11}},"28":{"start":{"line":58,"column":12},"end":{"line":58,"column":53}},"29":{"start":{"line":59,"column":25},"end":{"line":59,"column":66}},"30":{"start":{"line":60,"column":12},"end":{"line":86,"column":13}},"31":{"start":{"line":61,"column":14},"end":{"line":66,"column":16}},"32":{"start":{"line":67,"column":14},"end":{"line":67,"column":41}},"33":{"start":{"line":69,"column":28},"end":{"line":75,"column":16}},"34":{"start":{"line":76,"column":14},"end":{"line":85,"column":19}},"35":{"start":{"line":79,"column":18},"end":{"line":81,"column":21}},"36":{"start":{"line":84,"column":18},"end":{"line":84,"column":35}},"37":{"start":{"line":88,"column":12},"end":{"line":88,"column":29}},"38":{"start":{"line":92,"column":8},"end":{"line":97,"column":10}},"39":{"start":{"line":98,"column":8},"end":{"line":98,"column":35}},"40":{"start":{"line":105,"column":30},"end":{"line":105,"column":38}},"41":{"start":{"line":106,"column":4},"end":{"line":110,"column":5}},"42":{"start":{"line":107,"column":6},"end":{"line":109,"column":9}},"43":{"start":{"line":111,"column":4},"end":{"line":137,"column":5}},"44":{"start":{"line":112,"column":19},"end":{"line":112,"column":60}},"45":{"start":{"line":113,"column":6},"end":{"line":134,"column":7}},"46":{"start":{"line":114,"column":8},"end":{"line":116,"column":11}},"47":{"start":{"line":118,"column":22},"end":{"line":118,"column":67}},"48":{"start":{"line":119,"column":8},"end":{"line":133,"column":9}},"49":{"start":{"line":120,"column":24},"end":{"line":123,"column":11}},"50":{"start":{"line":124,"column":25},"end":{"line":124,"column":54}},"51":{"start":{"line":125,"column":10},"end":{"line":128,"column":13}},"52":{"start":{"line":130,"column":10},"end":{"line":132,"column":13}},"53":{"start":{"line":136,"column":6},"end":{"line":136,"column":23}},"54":{"start":{"line":141,"column":23},"end":{"line":141,"column":33}},"55":{"start":{"line":142,"column":0},"end":{"line":142,"column":32}}},"fnMap":{"0":{"name":"(anonymous_0)","decl":{"start":{"line":8,"column":2},"end":{"line":8,"column":3}},"loc":{"start":{"line":8,"column":26},"end":{"line":16,"column":3}},"line":8},"1":{"name":"(anonymous_1)","decl":{"start":{"line":18,"column":2},"end":{"line":18,"column":3}},"loc":{"start":{"line":18,"column":26},"end":{"line":25,"column":3}},"line":18},"2":{"name":"(anonymous_2)","decl":{"start":{"line":28,"column":2},"end":{"line":28,"column":3}},"loc":{"start":{"line":28,"column":29},"end":{"line":101,"column":3}},"line":28},"3":{"name":"(anonymous_3)","decl":{"start":{"line":78,"column":22},"end":{"line":78,"column":23}},"loc":{"start":{"line":78,"column":32},"end":{"line":82,"column":17}},"line":78},"4":{"name":"(anonymous_4)","decl":{"start":{"line":83,"column":23},"end":{"line":83,"column":24}},"loc":{"start":{"line":83,"column":32},"end":{"line":85,"column":17}},"line":83},"5":{"name":"(anonymous_5)","decl":{"start":{"line":104,"column":2},"end":{"line":104,"column":3}},"loc":{"start":{"line":104,"column":29},"end":{"line":138,"column":3}},"line":104}},"branchMap":{"0":{"loc":{"start":{"line":31,"column":4},"end":{"line":40,"column":5}},"type":"if","locations":[{"start":{"line":31,"column":4},"end":{"line":40,"column":5}},{"start":{},"end":{}}],"line":31},"1":{"loc":{"start":{"line":31,"column":8},"end":{"line":31,"column":50}},"type":"binary-expr","locations":[{"start":{"line":31,"column":8},"end":{"line":31,"column":13}},{"start":{"line":31,"column":17},"end":{"line":31,"column":23}},{"start":{"line":31,"column":27},"end":{"line":31,"column":36}},{"start":{"line":31,"column":40},"end":{"line":31,"column":50}}],"line":31},"2":{"loc":{"start":{"line":41,"column":4},"end":{"line":100,"column":5}},"type":"if","locations":[{"start":{"line":41,"column":4},"end":{"line":100,"column":5}},{"start":{"line":44,"column":11},"end":{"line":100,"column":5}}],"line":41},"3":{"loc":{"start":{"line":41,"column":8},"end":{"line":41,"column":43}},"type":"binary-expr","locations":[{"start":{"line":41,"column":8},"end":{"line":41,"column":23}},{"start":{"line":41,"column":27},"end":{"line":41,"column":43}}],"line":41},"4":{"loc":{"start":{"line":45,"column":6},"end":{"line":99,"column":7}},"type":"if","locations":[{"start":{"line":45,"column":6},"end":{"line":99,"column":7}},{"start":{"line":91,"column":13},"end":{"line":99,"column":7}}],"line":45},"5":{"loc":{"start":{"line":47,"column":8},"end":{"line":90,"column":9}},"type":"if","locations":[{"start":{"line":47,"column":8},"end":{"line":90,"column":9}},{"start":{"line":55,"column":15},"end":{"line":90,"column":9}}],"line":47},"6":{"loc":{"start":{"line":60,"column":12},"end":{"line":86,"column":13}},"type":"if","locations":[{"start":{"line":60,"column":12},"end":{"line":86,"column":13}},{"start":{"line":68,"column":19},"end":{"line":86,"column":13}}],"line":60},"7":{"loc":{"start":{"line":106,"column":4},"end":{"line":110,"column":5}},"type":"if","locations":[{"start":{"line":106,"column":4},"end":{"line":110,"column":5}},{"start":{},"end":{}}],"line":106},"8":{"loc":{"start":{"line":106,"column":8},"end":{"line":106,"column":27}},"type":"binary-expr","locations":[{"start":{"line":106,"column":8},"end":{"line":106,"column":14}},{"start":{"line":106,"column":18},"end":{"line":106,"column":27}}],"line":106},"9":{"loc":{"start":{"line":113,"column":6},"end":{"line":134,"column":7}},"type":"if","locations":[{"start":{"line":113,"column":6},"end":{"line":134,"column":7}},{"start":{"line":117,"column":13},"end":{"line":134,"column":7}}],"line":113},"10":{"loc":{"start":{"line":119,"column":8},"end":{"line":133,"column":9}},"type":"if","locations":[{"start":{"line":119,"column":8},"end":{"line":133,"column":9}},{"start":{"line":129,"column":15},"end":{"line":133,"column":9}}],"line":119}},"s":{"0":1,"1":1,"2":1,"3":1,"4":1,"5":0,"6":0,"7":0,"8":0,"9":0,"10":0,"11":0,"12":0,"13":0,"14":1,"15":1,"16":1,"17":0,"18":0,"19":1,"20":0,"21":0,"22":1,"23":1,"24":1,"25":0,"26":0,"27":1,"28":1,"29":1,"30":1,"31":0,"32":0,"33":1,"34":1,"35":1,"36":0,"37":0,"38":0,"39":0,"40":2,"41":2,"42":0,"43":2,"44":2,"45":2,"46":1,"47":1,"48":1,"49":1,"50":1,"51":1,"52":0,"53":0,"54":1,"55":1},"f":{"0":0,"1":0,"2":1,"3":1,"4":0,"5":2},"b":{"0":[0,1],"1":[1,1,1,1],"2":[0,1],"3":[1,1],"4":[1,0],"5":[0,1],"6":[0,1],"7":[0,2],"8":[2,2],"9":[1,1],"10":[1,0]},"_coverageSchema":"1a1c01bbd47fc00a2c39e90264f33305004495a9","hash":"46e08301b1ec7fde756b96874b339cb3fbeef01a"}
,"C:\\Users\\HP\\OneDrive - Coventry University\\Documents\\MERN\\HardwareHouse\\server\\controller\\braintree.js": {"path":"C:\\Users\\HP\\OneDrive - Coventry University\\Documents\\MERN\\HardwareHouse\\server\\controller\\braintree.js","statementMap":{"0":{"start":{"line":1,"column":16},"end":{"line":1,"column":36}},"1":{"start":{"line":2,"column":0},"end":{"line":2,"column":27}},"2":{"start":{"line":4,"column":14},"end":{"line":9,"column":2}},"3":{"start":{"line":15,"column":4},"end":{"line":20,"column":7}},"4":{"start":{"line":16,"column":6},"end":{"line":18,"column":7}},"5":{"start":{"line":17,"column":8},"end":{"line":17,"column":29}},"6":{"start":{"line":19,"column":6},"end":{"line":19,"column":32}},"7":{"start":{"line":24,"column":41},"end":{"line":24,"column":49}},"8":{"start":{"line":25,"column":4},"end":{"line":46,"column":6}},"9":{"start":{"line":34,"column":8},"end":{"line":37,"column":9}},"10":{"start":{"line":35,"column":10},"end":{"line":35,"column":29}},"11":{"start":{"line":36,"column":10},"end":{"line":36,"column":31}},"12":{"start":{"line":39,"column":8},"end":{"line":44,"column":9}},"13":{"start":{"line":40,"column":10},"end":{"line":40,"column":66}},"14":{"start":{"line":41,"column":10},"end":{"line":41,"column":34}},"15":{"start":{"line":43,"column":10},"end":{"line":43,"column":40}},"16":{"start":{"line":50,"column":28},"end":{"line":50,"column":43}},"17":{"start":{"line":51,"column":0},"end":{"line":51,"column":37}}},"fnMap":{"0":{"name":"(anonymous_0)","decl":{"start":{"line":14,"column":2},"end":{"line":14,"column":3}},"loc":{"start":{"line":14,"column":26},"end":{"line":21,"column":3}},"line":14},"1":{"name":"(anonymous_1)","decl":{"start":{"line":15,"column":37},"end":{"line":15,"column":38}},"loc":{"start":{"line":15,"column":56},"end":{"line":20,"column":5}},"line":15},"2":{"name":"(anonymous_2)","decl":{"start":{"line":23,"column":2},"end":{"line":23,"column":3}},"loc":{"start":{"line":23,"column":27},"end":{"line":47,"column":3}},"line":23},"3":{"name":"(anonymous_3)","decl":{"start":{"line":33,"column":6},"end":{"line":33,"column":7}},"loc":{"start":{"line":33,"column":23},"end":{"line":45,"column":7}},"line":33}},"branchMap":{"0":{"loc":{"start":{"line":16,"column":6},"end":{"line":18,"column":7}},"type":"if","locations":[{"start":{"line":16,"column":6},"end":{"line":18,"column":7}},{"start":{},"end":{}}],"line":16},"1":{"loc":{"start":{"line":34,"column":8},"end":{"line":37,"column":9}},"type":"if","locations":[{"start":{"line":34,"column":8},"end":{"line":37,"column":9}},{"start":{},"end":{}}],"line":34},"2":{"loc":{"start":{"line":39,"column":8},"end":{"line":44,"column":9}},"type":"if","locations":[{"start":{"line":39,"column":8},"end":{"line":44,"column":9}},{"start":{"line":42,"column":15},"end":{"line":44,"column":9}}],"line":39}},"s":{"0":1,"1":1,"2":1,"3":0,"4":0,"5":0,"6":0,"7":0,"8":0,"9":0,"10":0,"11":0,"12":0,"13":0,"14":0,"15":0,"16":1,"17":1},"f":{"0":0,"1":0,"2":0,"3":0},"b":{"0":[0,0],"1":[0,0],"2":[0,0]},"_coverageSchema":"1a1c01bbd47fc00a2c39e90264f33305004495a9","hash":"da7a3e29b59339a073fcf3b1d3bdd8c543e9e22d"}
,"C:\\Users\\HP\\OneDrive - Coventry University\\Documents\\MERN\\HardwareHouse\\server\\controller\\categories.js": {"path":"C:\\Users\\HP\\OneDrive - Coventry University\\Documents\\MERN\\HardwareHouse\\server\\controller\\categories.js","statementMap":{"0":{"start":{"line":2,"column":24},"end":{"line":2,"column":53}},"1":{"start":{"line":3,"column":22},"end":{"line":3,"column":53}},"2":{"start":{"line":4,"column":11},"end":{"line":4,"column":24}},"3":{"start":{"line":9,"column":4},"end":{"line":16,"column":5}},"4":{"start":{"line":10,"column":23},"end":{"line":10,"column":69}},"5":{"start":{"line":11,"column":6},"end":{"line":13,"column":7}},"6":{"start":{"line":12,"column":8},"end":{"line":12,"column":40}},"7":{"start":{"line":15,"column":6},"end":{"line":15,"column":23}},"8":{"start":{"line":20,"column":43},"end":{"line":20,"column":51}},"9":{"start":{"line":21,"column":17},"end":{"line":21,"column":34}},"10":{"start":{"line":22,"column":21},"end":{"line":22,"column":68}},"11":{"start":{"line":24,"column":4},"end":{"line":58,"column":5}},"12":{"start":{"line":25,"column":6},"end":{"line":30,"column":9}},"13":{"start":{"line":26,"column":8},"end":{"line":28,"column":9}},"14":{"start":{"line":27,"column":10},"end":{"line":27,"column":27}},"15":{"start":{"line":29,"column":8},"end":{"line":29,"column":66}},"16":{"start":{"line":32,"column":6},"end":{"line":32,"column":33}},"17":{"start":{"line":33,"column":6},"end":{"line":57,"column":7}},"18":{"start":{"line":34,"column":34},"end":{"line":34,"column":79}},"19":{"start":{"line":35,"column":8},"end":{"line":54,"column":9}},"20":{"start":{"line":36,"column":10},"end":{"line":41,"column":13}},"21":{"start":{"line":37,"column":12},"end":{"line":39,"column":13}},"22":{"start":{"line":38,"column":14},"end":{"line":38,"column":31}},"23":{"start":{"line":40,"column":12},"end":{"line":40,"column":66}},"24":{"start":{"line":43,"column":28},"end":{"line":48,"column":12}},"25":{"start":{"line":49,"column":10},"end":{"line":53,"column":13}},"26":{"start":{"line":50,"column":12},"end":{"line":52,"column":13}},"27":{"start":{"line":51,"column":14},"end":{"line":51,"column":76}},"28":{"start":{"line":56,"column":8},"end":{"line":56,"column":25}},"29":{"start":{"line":62,"column":41},"end":{"line":62,"column":49}},"30":{"start":{"line":63,"column":4},"end":{"line":65,"column":5}},"31":{"start":{"line":64,"column":6},"end":{"line":64,"column":64}},"32":{"start":{"line":66,"column":4},"end":{"line":78,"column":5}},"33":{"start":{"line":67,"column":25},"end":{"line":71,"column":8}},"34":{"start":{"line":72,"column":17},"end":{"line":72,"column":42}},"35":{"start":{"line":73,"column":6},"end":{"line":75,"column":7}},"36":{"start":{"line":74,"column":8},"end":{"line":74,"column":67}},"37":{"start":{"line":77,"column":6},"end":{"line":77,"column":23}},"38":{"start":{"line":82,"column":18},"end":{"line":82,"column":26}},"39":{"start":{"line":83,"column":4},"end":{"line":103,"column":5}},"40":{"start":{"line":84,"column":6},"end":{"line":84,"column":64}},"41":{"start":{"line":86,"column":6},"end":{"line":102,"column":7}},"42":{"start":{"line":87,"column":34},"end":{"line":87,"column":67}},"43":{"start":{"line":88,"column":25},"end":{"line":88,"column":92}},"44":{"start":{"line":90,"column":29},"end":{"line":90,"column":71}},"45":{"start":{"line":91,"column":8},"end":{"line":99,"column":9}},"46":{"start":{"line":93,"column":10},"end":{"line":98,"column":13}},"47":{"start":{"line":94,"column":12},"end":{"line":96,"column":13}},"48":{"start":{"line":95,"column":14},"end":{"line":95,"column":31}},"49":{"start":{"line":97,"column":12},"end":{"line":97,"column":74}},"50":{"start":{"line":101,"column":8},"end":{"line":101,"column":25}},"51":{"start":{"line":107,"column":27},"end":{"line":107,"column":41}},"52":{"start":{"line":108,"column":0},"end":{"line":108,"column":36}}},"fnMap":{"0":{"name":"(anonymous_0)","decl":{"start":{"line":8,"column":2},"end":{"line":8,"column":3}},"loc":{"start":{"line":8,"column":33},"end":{"line":17,"column":3}},"line":8},"1":{"name":"(anonymous_1)","decl":{"start":{"line":19,"column":2},"end":{"line":19,"column":3}},"loc":{"start":{"line":19,"column":34},"end":{"line":59,"column":3}},"line":19},"2":{"name":"(anonymous_2)","decl":{"start":{"line":25,"column":26},"end":{"line":25,"column":27}},"loc":{"start":{"line":25,"column":35},"end":{"line":30,"column":7}},"line":25},"3":{"name":"(anonymous_3)","decl":{"start":{"line":36,"column":30},"end":{"line":36,"column":31}},"loc":{"start":{"line":36,"column":39},"end":{"line":41,"column":11}},"line":36},"4":{"name":"(anonymous_4)","decl":{"start":{"line":49,"column":33},"end":{"line":49,"column":34}},"loc":{"start":{"line":49,"column":42},"end":{"line":53,"column":11}},"line":49},"5":{"name":"(anonymous_5)","decl":{"start":{"line":61,"column":2},"end":{"line":61,"column":3}},"loc":{"start":{"line":61,"column":35},"end":{"line":79,"column":3}},"line":61},"6":{"name":"(anonymous_6)","decl":{"start":{"line":81,"column":2},"end":{"line":81,"column":3}},"loc":{"start":{"line":81,"column":36},"end":{"line":104,"column":3}},"line":81},"7":{"name":"(anonymous_7)","decl":{"start":{"line":93,"column":30},"end":{"line":93,"column":31}},"loc":{"start":{"line":93,"column":39},"end":{"line":98,"column":11}},"line":93}},"branchMap":{"0":{"loc":{"start":{"line":11,"column":6},"end":{"line":13,"column":7}},"type":"if","locations":[{"start":{"line":11,"column":6},"end":{"line":13,"column":7}},{"start":{},"end":{}}],"line":11},"1":{"loc":{"start":{"line":24,"column":4},"end":{"line":58,"column":5}},"type":"if","locations":[{"start":{"line":24,"column":4},"end":{"line":58,"column":5}},{"start":{"line":31,"column":11},"end":{"line":58,"column":5}}],"line":24},"2":{"loc":{"start":{"line":24,"column":8},"end":{"line":24,"column":54}},"type":"binary-expr","locations":[{"start":{"line":24,"column":8},"end":{"line":24,"column":14}},{"start":{"line":24,"column":18},"end":{"line":24,"column":31}},{"start":{"line":24,"column":35},"end":{"line":24,"column":43}},{"start":{"line":24,"column":47},"end":{"line":24,"column":54}}],"line":24},"3":{"loc":{"start":{"line":26,"column":8},"end":{"line":28,"column":9}},"type":"if","locations":[{"start":{"line":26,"column":8},"end":{"line":28,"column":9}},{"start":{},"end":{}}],"line":26},"4":{"loc":{"start":{"line":35,"column":8},"end":{"line":54,"column":9}},"type":"if","locations":[{"start":{"line":35,"column":8},"end":{"line":54,"column":9}},{"start":{"line":42,"column":15},"end":{"line":54,"column":9}}],"line":35},"5":{"loc":{"start":{"line":37,"column":12},"end":{"line":39,"column":13}},"type":"if","locations":[{"start":{"line":37,"column":12},"end":{"line":39,"column":13}},{"start":{},"end":{}}],"line":37},"6":{"loc":{"start":{"line":50,"column":12},"end":{"line":52,"column":13}},"type":"if","locations":[{"start":{"line":50,"column":12},"end":{"line":52,"column":13}},{"start":{},"end":{}}],"line":50},"7":{"loc":{"start":{"line":63,"column":4},"end":{"line":65,"column":5}},"type":"if","locations":[{"start":{"line":63,"column":4},"end":{"line":65,"column":5}},{"start":{},"end":{}}],"line":63},"8":{"loc":{"start":{"line":63,"column":8},"end":{"line":63,"column":41}},"type":"binary-expr","locations":[{"start":{"line":63,"column":8},"end":{"line":63,"column":12}},{"start":{"line":63,"column":16},"end":{"line":63,"column":29}},{"start":{"line":63,"column":33},"end":{"line":63,"column":41}}],"line":63},"9":{"loc":{"start":{"line":73,"column":6},"end":{"line":75,"column":7}},"type":"if","locations":[{"start":{"line":73,"column":6},"end":{"line":75,"column":7}},{"start":{},"end":{}}],"line":73},"10":{"loc":{"start":{"line":83,"column":4},"end":{"line":103,"column":5}},"type":"if","locations":[{"start":{"line":83,"column":4},"end":{"line":103,"column":5}},{"start":{"line":85,"column":11},"end":{"line":103,"column":5}}],"line":83},"11":{"loc":{"start":{"line":91,"column":8},"end":{"line":99,"column":9}},"type":"if","locations":[{"start":{"line":91,"column":8},"end":{"line":99,"column":9}},{"start":{},"end":{}}],"line":91},"12":{"loc":{"start":{"line":94,"column":12},"end":{"line":96,"column":13}},"type":"if","locations":[{"start":{"line":94,"column":12},"end":{"line":96,"column":13}},{"start":{},"end":{}}],"line":94}},"s":{"0":1,"1":1,"2":1,"3":0,"4":0,"5":0,"6":0,"7":0,"8":0,"9":0,"10":0,"11":0,"12":0,"13":0,"14":0,"15":0,"16":0,"17":0,"18":0,"19":0,"20":0,"21":0,"22":0,"23":0,"24":0,"25":0,"26":0,"27":0,"28":0,"29":0,"30":0,"31":0,"32":0,"33":0,"34":0,"35":0,"36":0,"37":0,"38":0,"39":0,"40":0,"41":0,"42":0,"43":0,"44":0,"45":0,"46":0,"47":0,"48":0,"49":0,"50":0,"51":1,"52":1},"f":{"0":0,"1":0,"2":0,"3":0,"4":0,"5":0,"6":0,"7":0},"b":{"0":[0,0],"1":[0,0],"2":[0,0,0,0],"3":[0,0],"4":[0,0],"5":[0,0],"6":[0,0],"7":[0,0],"8":[0,0,0],"9":[0,0],"10":[0,0],"11":[0,0],"12":[0,0]},"_coverageSchema":"1a1c01bbd47fc00a2c39e90264f33305004495a9","hash":"4aabecd239707936f9fe9744ba0963595cbee4f7"}
,"C:\\Users\\HP\\OneDrive - Coventry University\\Documents\\MERN\\HardwareHouse\\server\\controller\\customize.js": {"path":"C:\\Users\\HP\\OneDrive - Coventry University\\Documents\\MERN\\HardwareHouse\\server\\controller\\customize.js","statementMap":{"0":{"start":{"line":1,"column":11},"end":{"line":1,"column":24}},"1":{"start":{"line":2,"column":22},"end":{"line":2,"column":53}},"2":{"start":{"line":3,"column":21},"end":{"line":3,"column":50}},"3":{"start":{"line":4,"column":19},"end":{"line":4,"column":46}},"4":{"start":{"line":5,"column":18},"end":{"line":5,"column":44}},"5":{"start":{"line":6,"column":23},"end":{"line":6,"column":53}},"6":{"start":{"line":10,"column":4},"end":{"line":17,"column":5}},"7":{"start":{"line":11,"column":19},"end":{"line":11,"column":48}},"8":{"start":{"line":12,"column":6},"end":{"line":14,"column":7}},"9":{"start":{"line":13,"column":8},"end":{"line":13,"column":36}},"10":{"start":{"line":16,"column":6},"end":{"line":16,"column":23}},"11":{"start":{"line":21,"column":16},"end":{"line":21,"column":33}},"12":{"start":{"line":22,"column":4},"end":{"line":24,"column":5}},"13":{"start":{"line":23,"column":6},"end":{"line":23,"column":55}},"14":{"start":{"line":25,"column":4},"end":{"line":35,"column":5}},"15":{"start":{"line":26,"column":25},"end":{"line":28,"column":8}},"16":{"start":{"line":29,"column":17},"end":{"line":29,"column":42}},"17":{"start":{"line":30,"column":6},"end":{"line":32,"column":7}},"18":{"start":{"line":31,"column":8},"end":{"line":31,"column":66}},"19":{"start":{"line":34,"column":6},"end":{"line":34,"column":23}},"20":{"start":{"line":39,"column":17},"end":{"line":39,"column":25}},"21":{"start":{"line":40,"column":4},"end":{"line":60,"column":5}},"22":{"start":{"line":41,"column":6},"end":{"line":41,"column":55}},"23":{"start":{"line":43,"column":6},"end":{"line":59,"column":7}},"24":{"start":{"line":44,"column":32},"end":{"line":44,"column":65}},"25":{"start":{"line":45,"column":25},"end":{"line":45,"column":93}},"26":{"start":{"line":47,"column":26},"end":{"line":47,"column":68}},"27":{"start":{"line":48,"column":8},"end":{"line":56,"column":9}},"28":{"start":{"line":50,"column":10},"end":{"line":55,"column":13}},"29":{"start":{"line":51,"column":12},"end":{"line":53,"column":13}},"30":{"start":{"line":52,"column":14},"end":{"line":52,"column":31}},"31":{"start":{"line":54,"column":12},"end":{"line":54,"column":71}},"32":{"start":{"line":58,"column":8},"end":{"line":58,"column":25}},"33":{"start":{"line":64,"column":4},"end":{"line":74,"column":5}},"34":{"start":{"line":65,"column":23},"end":{"line":65,"column":59}},"35":{"start":{"line":66,"column":21},"end":{"line":66,"column":56}},"36":{"start":{"line":67,"column":19},"end":{"line":67,"column":52}},"37":{"start":{"line":68,"column":18},"end":{"line":68,"column":50}},"38":{"start":{"line":69,"column":6},"end":{"line":71,"column":7}},"39":{"start":{"line":70,"column":8},"end":{"line":70,"column":65}},"40":{"start":{"line":73,"column":6},"end":{"line":73,"column":23}},"41":{"start":{"line":78,"column":28},"end":{"line":78,"column":43}},"42":{"start":{"line":79,"column":0},"end":{"line":79,"column":37}}},"fnMap":{"0":{"name":"(anonymous_0)","decl":{"start":{"line":9,"column":2},"end":{"line":9,"column":3}},"loc":{"start":{"line":9,"column":28},"end":{"line":18,"column":3}},"line":9},"1":{"name":"(anonymous_1)","decl":{"start":{"line":20,"column":2},"end":{"line":20,"column":3}},"loc":{"start":{"line":20,"column":35},"end":{"line":36,"column":3}},"line":20},"2":{"name":"(anonymous_2)","decl":{"start":{"line":38,"column":2},"end":{"line":38,"column":3}},"loc":{"start":{"line":38,"column":35},"end":{"line":61,"column":3}},"line":38},"3":{"name":"(anonymous_3)","decl":{"start":{"line":50,"column":30},"end":{"line":50,"column":31}},"loc":{"start":{"line":50,"column":39},"end":{"line":55,"column":11}},"line":50},"4":{"name":"(anonymous_4)","decl":{"start":{"line":63,"column":2},"end":{"line":63,"column":3}},"loc":{"start":{"line":63,"column":29},"end":{"line":75,"column":3}},"line":63}},"branchMap":{"0":{"loc":{"start":{"line":12,"column":6},"end":{"line":14,"column":7}},"type":"if","locations":[{"start":{"line":12,"column":6},"end":{"line":14,"column":7}},{"start":{},"end":{}}],"line":12},"1":{"loc":{"start":{"line":22,"column":4},"end":{"line":24,"column":5}},"type":"if","locations":[{"start":{"line":22,"column":4},"end":{"line":24,"column":5}},{"start":{},"end":{}}],"line":22},"2":{"loc":{"start":{"line":30,"column":6},"end":{"line":32,"column":7}},"type":"if","locations":[{"start":{"line":30,"column":6},"end":{"line":32,"column":7}},{"start":{},"end":{}}],"line":30},"3":{"loc":{"start":{"line":40,"column":4},"end":{"line":60,"column":5}},"type":"if","locations":[{"start":{"line":40,"column":4},"end":{"line":60,"column":5}},{"start":{"line":42,"column":11},"end":{"line":60,"column":5}}],"line":40},"4":{"loc":{"start":{"line":48,"column":8},"end":{"line":56,"column":9}},"type":"if","locations":[{"start":{"line":48,"column":8},"end":{"line":56,"column":9}},{"start":{},"end":{}}],"line":48},"5":{"loc":{"start":{"line":51,"column":12},"end":{"line":53,"column":13}},"type":"if","locations":[{"start":{"line":51,"column":12},"end":{"line":53,"column":13}},{"start":{},"end":{}}],"line":51},"6":{"loc":{"start":{"line":69,"column":6},"end":{"line":71,"column":7}},"type":"if","locations":[{"start":{"line":69,"column":6},"end":{"line":71,"column":7}},{"start":{},"end":{}}],"line":69},"7":{"loc":{"start":{"line":69,"column":10},"end":{"line":69,"column":42}},"type":"binary-expr","locations":[{"start":{"line":69,"column":10},"end":{"line":69,"column":20}},{"start":{"line":69,"column":24},"end":{"line":69,"column":32}},{"start":{"line":69,"column":36},"end":{"line":69,"column":42}}],"line":69}},"s":{"0":1,"1":1,"2":1,"3":1,"4":1,"5":1,"6":0,"7":0,"8":0,"9":0,"10":0,"11":0,"12":0,"13":0,"14":0,"15":0,"16":0,"17":0,"18":0,"19":0,"20":0,"21":0,"22":0,"23":0,"24":0,"25":0,"26":0,"27":0,"28":0,"29":0,"30":0,"31":0,"32":0,"33":0,"34":0,"35":0,"36":0,"37":0,"38":0,"39":0,"40":0,"41":1,"42":1},"f":{"0":0,"1":0,"2":0,"3":0,"4":0},"b":{"0":[0,0],"1":[0,0],"2":[0,0],"3":[0,0],"4":[0,0],"5":[0,0],"6":[0,0],"7":[0,0,0]},"_coverageSchema":"1a1c01bbd47fc00a2c39e90264f33305004495a9","hash":"b993e321008f2434e93d1633b8d7ecd5783bf8a1"}
,"C:\\Users\\HP\\OneDrive - Coventry University\\Documents\\MERN\\HardwareHouse\\server\\controller\\orders.js": {"path":"C:\\Users\\HP\\OneDrive - Coventry University\\Documents\\MERN\\HardwareHouse\\server\\controller\\orders.js","statementMap":{"0":{"start":{"line":1,"column":19},"end":{"line":1,"column":46}},"1":{"start":{"line":5,"column":4},"end":{"line":16,"column":5}},"2":{"start":{"line":6,"column":19},"end":{"line":10,"column":26}},"3":{"start":{"line":11,"column":6},"end":{"line":13,"column":7}},"4":{"start":{"line":12,"column":8},"end":{"line":12,"column":36}},"5":{"start":{"line":15,"column":6},"end":{"line":15,"column":23}},"6":{"start":{"line":20,"column":18},"end":{"line":20,"column":26}},"7":{"start":{"line":21,"column":4},"end":{"line":36,"column":5}},"8":{"start":{"line":22,"column":6},"end":{"line":22,"column":66}},"9":{"start":{"line":24,"column":6},"end":{"line":35,"column":7}},"10":{"start":{"line":25,"column":20},"end":{"line":29,"column":28}},"11":{"start":{"line":30,"column":8},"end":{"line":32,"column":9}},"12":{"start":{"line":31,"column":10},"end":{"line":31,"column":37}},"13":{"start":{"line":34,"column":8},"end":{"line":34,"column":25}},"14":{"start":{"line":40,"column":70},"end":{"line":40,"column":78}},"15":{"start":{"line":41,"column":4},"end":{"line":67,"column":5}},"16":{"start":{"line":49,"column":6},"end":{"line":49,"column":66}},"17":{"start":{"line":51,"column":6},"end":{"line":66,"column":7}},"18":{"start":{"line":52,"column":23},"end":{"line":59,"column":10}},"19":{"start":{"line":60,"column":19},"end":{"line":60,"column":40}},"20":{"start":{"line":61,"column":8},"end":{"line":63,"column":9}},"21":{"start":{"line":62,"column":10},"end":{"line":62,"column":69}},"22":{"start":{"line":65,"column":8},"end":{"line":65,"column":42}},"23":{"start":{"line":71,"column":26},"end":{"line":71,"column":34}},"24":{"start":{"line":72,"column":4},"end":{"line":83,"column":5}},"25":{"start":{"line":73,"column":6},"end":{"line":73,"column":66}},"26":{"start":{"line":75,"column":25},"end":{"line":78,"column":8}},"27":{"start":{"line":79,"column":6},"end":{"line":82,"column":9}},"28":{"start":{"line":80,"column":8},"end":{"line":80,"column":34}},"29":{"start":{"line":80,"column":17},"end":{"line":80,"column":34}},"30":{"start":{"line":81,"column":8},"end":{"line":81,"column":67}},"31":{"start":{"line":87,"column":18},"end":{"line":87,"column":26}},"32":{"start":{"line":88,"column":4},"end":{"line":99,"column":5}},"33":{"start":{"line":89,"column":6},"end":{"line":89,"column":64}},"34":{"start":{"line":91,"column":6},"end":{"line":98,"column":7}},"35":{"start":{"line":92,"column":26},"end":{"line":92,"column":65}},"36":{"start":{"line":93,"column":8},"end":{"line":95,"column":9}},"37":{"start":{"line":94,"column":10},"end":{"line":94,"column":69}},"38":{"start":{"line":97,"column":8},"end":{"line":97,"column":27}},"39":{"start":{"line":103,"column":25},"end":{"line":103,"column":36}},"40":{"start":{"line":104,"column":0},"end":{"line":104,"column":34}}},"fnMap":{"0":{"name":"(anonymous_0)","decl":{"start":{"line":4,"column":2},"end":{"line":4,"column":3}},"loc":{"start":{"line":4,"column":31},"end":{"line":17,"column":3}},"line":4},"1":{"name":"(anonymous_1)","decl":{"start":{"line":19,"column":2},"end":{"line":19,"column":3}},"loc":{"start":{"line":19,"column":33},"end":{"line":37,"column":3}},"line":19},"2":{"name":"(anonymous_2)","decl":{"start":{"line":39,"column":2},"end":{"line":39,"column":3}},"loc":{"start":{"line":39,"column":34},"end":{"line":68,"column":3}},"line":39},"3":{"name":"(anonymous_3)","decl":{"start":{"line":70,"column":2},"end":{"line":70,"column":3}},"loc":{"start":{"line":70,"column":34},"end":{"line":84,"column":3}},"line":70},"4":{"name":"(anonymous_4)","decl":{"start":{"line":79,"column":24},"end":{"line":79,"column":25}},"loc":{"start":{"line":79,"column":41},"end":{"line":82,"column":7}},"line":79},"5":{"name":"(anonymous_5)","decl":{"start":{"line":86,"column":2},"end":{"line":86,"column":3}},"loc":{"start":{"line":86,"column":34},"end":{"line":100,"column":3}},"line":86}},"branchMap":{"0":{"loc":{"start":{"line":11,"column":6},"end":{"line":13,"column":7}},"type":"if","locations":[{"start":{"line":11,"column":6},"end":{"line":13,"column":7}},{"start":{},"end":{}}],"line":11},"1":{"loc":{"start":{"line":21,"column":4},"end":{"line":36,"column":5}},"type":"if","locations":[{"start":{"line":21,"column":4},"end":{"line":36,"column":5}},{"start":{"line":23,"column":11},"end":{"line":36,"column":5}}],"line":21},"2":{"loc":{"start":{"line":30,"column":8},"end":{"line":32,"column":9}},"type":"if","locations":[{"start":{"line":30,"column":8},"end":{"line":32,"column":9}},{"start":{},"end":{}}],"line":30},"3":{"loc":{"start":{"line":41,"column":4},"end":{"line":67,"column":5}},"type":"if","locations":[{"start":{"line":41,"column":4},"end":{"line":67,"column":5}},{"start":{"line":50,"column":11},"end":{"line":67,"column":5}}],"line":41},"4":{"loc":{"start":{"line":42,"column":6},"end":{"line":47,"column":12}},"type":"binary-expr","locations":[{"start":{"line":42,"column":6},"end":{"line":42,"column":17}},{"start":{"line":43,"column":6},"end":{"line":43,"column":11}},{"start":{"line":44,"column":6},"end":{"line":44,"column":13}},{"start":{"line":45,"column":6},"end":{"line":45,"column":20}},{"start":{"line":46,"column":6},"end":{"line":46,"column":14}},{"start":{"line":47,"column":6},"end":{"line":47,"column":12}}],"line":42},"5":{"loc":{"start":{"line":61,"column":8},"end":{"line":63,"column":9}},"type":"if","locations":[{"start":{"line":61,"column":8},"end":{"line":63,"column":9}},{"start":{},"end":{}}],"line":61},"6":{"loc":{"start":{"line":72,"column":4},"end":{"line":83,"column":5}},"type":"if","locations":[{"start":{"line":72,"column":4},"end":{"line":83,"column":5}},{"start":{"line":74,"column":11},"end":{"line":83,"column":5}}],"line":72},"7":{"loc":{"start":{"line":72,"column":8},"end":{"line":72,"column":23}},"type":"binary-expr","locations":[{"start":{"line":72,"column":8},"end":{"line":72,"column":12}},{"start":{"line":72,"column":16},"end":{"line":72,"column":23}}],"line":72},"8":{"loc":{"start":{"line":80,"column":8},"end":{"line":80,"column":34}},"type":"if","locations":[{"start":{"line":80,"column":8},"end":{"line":80,"column":34}},{"start":{},"end":{}}],"line":80},"9":{"loc":{"start":{"line":88,"column":4},"end":{"line":99,"column":5}},"type":"if","locations":[{"start":{"line":88,"column":4},"end":{"line":99,"column":5}},{"start":{"line":90,"column":11},"end":{"line":99,"column":5}}],"line":88},"10":{"loc":{"start":{"line":93,"column":8},"end":{"line":95,"column":9}},"type":"if","locations":[{"start":{"line":93,"column":8},"end":{"line":95,"column":9}},{"start":{},"end":{}}],"line":93}},"s":{"0":1,"1":0,"2":0,"3":0,"4":0,"5":0,"6":0,"7":0,"8":0,"9":0,"10":0,"11":0,"12":0,"13":0,"14":0,"15":0,"16":0,"17":0,"18":0,"19":0,"20":0,"21":0,"22":0,"23":0,"24":0,"25":0,"26":0,"27":0,"28":0,"29":0,"30":0,"31":0,"32":0,"33":0,"34":0,"35":0,"36":0,"37":0,"38":0,"39":1,"40":1},"f":{"0":0,"1":0,"2":0,"3":0,"4":0,"5":0},"b":{"0":[0,0],"1":[0,0],"2":[0,0],"3":[0,0],"4":[0,0,0,0,0,0],"5":[0,0],"6":[0,0],"7":[0,0],"8":[0,0],"9":[0,0],"10":[0,0]},"_coverageSchema":"1a1c01bbd47fc00a2c39e90264f33305004495a9","hash":"cb4c0904c26a2b60b0424e9b2f628bb22fbbf5c8"}
,"C:\\Users\\HP\\OneDrive - Coventry University\\Documents\\MERN\\HardwareHouse\\server\\controller\\products.js": {"path":"C:\\Users\\HP\\OneDrive - Coventry University\\Documents\\MERN\\HardwareHouse\\server\\controller\\products.js","statementMap":{"0":{"start":{"line":1,"column":21},"end":{"line":1,"column":50}},"1":{"start":{"line":2,"column":11},"end":{"line":2,"column":24}},"2":{"start":{"line":3,"column":13},"end":{"line":3,"column":28}},"3":{"start":{"line":9,"column":6},"end":{"line":9,"column":70}},"4":{"start":{"line":10,"column":4},"end":{"line":10,"column":26}},"5":{"start":{"line":11,"column":4},"end":{"line":27,"column":5}},"6":{"start":{"line":11,"column":17},"end":{"line":11,"column":18}},"7":{"start":{"line":12,"column":21},"end":{"line":12,"column":23}},"8":{"start":{"line":13,"column":6},"end":{"line":17,"column":7}},"9":{"start":{"line":14,"column":8},"end":{"line":14,"column":54}},"10":{"start":{"line":16,"column":8},"end":{"line":16,"column":45}},"11":{"start":{"line":18,"column":6},"end":{"line":18,"column":28}},"12":{"start":{"line":19,"column":6},"end":{"line":21,"column":7}},"13":{"start":{"line":20,"column":8},"end":{"line":20,"column":36}},"14":{"start":{"line":22,"column":6},"end":{"line":26,"column":9}},"15":{"start":{"line":23,"column":8},"end":{"line":25,"column":9}},"16":{"start":{"line":24,"column":10},"end":{"line":24,"column":21}},"17":{"start":{"line":31,"column":4},"end":{"line":41,"column":5}},"18":{"start":{"line":32,"column":21},"end":{"line":35,"column":26}},"19":{"start":{"line":36,"column":6},"end":{"line":38,"column":7}},"20":{"start":{"line":37,"column":8},"end":{"line":37,"column":38}},"21":{"start":{"line":40,"column":6},"end":{"line":40,"column":23}},"22":{"start":{"line":46,"column":6},"end":{"line":46,"column":14}},"23":{"start":{"line":47,"column":17},"end":{"line":47,"column":26}},"24":{"start":{"line":49,"column":4},"end":{"line":95,"column":5}},"25":{"start":{"line":58,"column":6},"end":{"line":58,"column":43}},"26":{"start":{"line":59,"column":6},"end":{"line":59,"column":64}},"27":{"start":{"line":62,"column":9},"end":{"line":95,"column":5}},"28":{"start":{"line":63,"column":6},"end":{"line":63,"column":43}},"29":{"start":{"line":64,"column":6},"end":{"line":66,"column":9}},"30":{"start":{"line":69,"column":9},"end":{"line":95,"column":5}},"31":{"start":{"line":70,"column":6},"end":{"line":70,"column":43}},"32":{"start":{"line":71,"column":6},"end":{"line":71,"column":66}},"33":{"start":{"line":73,"column":6},"end":{"line":94,"column":7}},"34":{"start":{"line":74,"column":24},"end":{"line":74,"column":26}},"35":{"start":{"line":75,"column":8},"end":{"line":77,"column":9}},"36":{"start":{"line":76,"column":10},"end":{"line":76,"column":39}},"37":{"start":{"line":78,"column":25},"end":{"line":87,"column":10}},"38":{"start":{"line":88,"column":19},"end":{"line":88,"column":42}},"39":{"start":{"line":89,"column":8},"end":{"line":91,"column":9}},"40":{"start":{"line":90,"column":10},"end":{"line":90,"column":71}},"41":{"start":{"line":93,"column":8},"end":{"line":93,"column":25}},"42":{"start":{"line":109,"column":8},"end":{"line":109,"column":16}},"43":{"start":{"line":110,"column":21},"end":{"line":110,"column":30}},"44":{"start":{"line":113,"column":4},"end":{"line":162,"column":5}},"45":{"start":{"line":123,"column":6},"end":{"line":123,"column":64}},"46":{"start":{"line":126,"column":9},"end":{"line":162,"column":5}},"47":{"start":{"line":127,"column":6},"end":{"line":129,"column":9}},"48":{"start":{"line":132,"column":9},"end":{"line":162,"column":5}},"49":{"start":{"line":133,"column":6},"end":{"line":133,"column":47}},"50":{"start":{"line":134,"column":6},"end":{"line":134,"column":66}},"51":{"start":{"line":136,"column":21},"end":{"line":144,"column":7}},"52":{"start":{"line":145,"column":6},"end":{"line":152,"column":7}},"53":{"start":{"line":146,"column":28},"end":{"line":146,"column":30}},"54":{"start":{"line":147,"column":8},"end":{"line":149,"column":9}},"55":{"start":{"line":148,"column":10},"end":{"line":148,"column":43}},"56":{"start":{"line":150,"column":8},"end":{"line":150,"column":59}},"57":{"start":{"line":151,"column":8},"end":{"line":151,"column":59}},"58":{"start":{"line":153,"column":6},"end":{"line":161,"column":7}},"59":{"start":{"line":154,"column":26},"end":{"line":154,"column":71}},"60":{"start":{"line":155,"column":8},"end":{"line":158,"column":11}},"61":{"start":{"line":156,"column":10},"end":{"line":156,"column":36}},"62":{"start":{"line":156,"column":19},"end":{"line":156,"column":36}},"63":{"start":{"line":157,"column":10},"end":{"line":157,"column":68}},"64":{"start":{"line":160,"column":8},"end":{"line":160,"column":25}},"65":{"start":{"line":166,"column":18},"end":{"line":166,"column":26}},"66":{"start":{"line":167,"column":4},"end":{"line":181,"column":5}},"67":{"start":{"line":168,"column":6},"end":{"line":168,"column":64}},"68":{"start":{"line":170,"column":6},"end":{"line":180,"column":7}},"69":{"start":{"line":171,"column":31},"end":{"line":171,"column":63}},"70":{"start":{"line":172,"column":28},"end":{"line":172,"column":69}},"71":{"start":{"line":173,"column":8},"end":{"line":177,"column":9}},"72":{"start":{"line":175,"column":10},"end":{"line":175,"column":67}},"73":{"start":{"line":176,"column":10},"end":{"line":176,"column":71}},"74":{"start":{"line":179,"column":8},"end":{"line":179,"column":25}},"75":{"start":{"line":185,"column":18},"end":{"line":185,"column":26}},"76":{"start":{"line":186,"column":4},"end":{"line":200,"column":5}},"77":{"start":{"line":187,"column":6},"end":{"line":187,"column":64}},"78":{"start":{"line":189,"column":6},"end":{"line":199,"column":7}},"79":{"start":{"line":190,"column":28},"end":{"line":193,"column":67}},"80":{"start":{"line":194,"column":8},"end":{"line":196,"column":9}},"81":{"start":{"line":195,"column":10},"end":{"line":195,"column":54}},"82":{"start":{"line":198,"column":8},"end":{"line":198,"column":25}},"83":{"start":{"line":204,"column":20},"end":{"line":204,"column":28}},"84":{"start":{"line":205,"column":4},"end":{"line":218,"column":5}},"85":{"start":{"line":206,"column":6},"end":{"line":206,"column":64}},"86":{"start":{"line":208,"column":6},"end":{"line":217,"column":7}},"87":{"start":{"line":209,"column":23},"end":{"line":211,"column":41}},"88":{"start":{"line":212,"column":8},"end":{"line":214,"column":9}},"89":{"start":{"line":213,"column":10},"end":{"line":213,"column":50}},"90":{"start":{"line":216,"column":8},"end":{"line":216,"column":59}},"91":{"start":{"line":222,"column":20},"end":{"line":222,"column":28}},"92":{"start":{"line":223,"column":4},"end":{"line":237,"column":5}},"93":{"start":{"line":224,"column":6},"end":{"line":224,"column":64}},"94":{"start":{"line":226,"column":6},"end":{"line":236,"column":7}},"95":{"start":{"line":227,"column":23},"end":{"line":230,"column":31}},"96":{"start":{"line":231,"column":8},"end":{"line":233,"column":9}},"97":{"start":{"line":232,"column":10},"end":{"line":232,"column":50}},"98":{"start":{"line":235,"column":8},"end":{"line":235,"column":59}},"99":{"start":{"line":241,"column":27},"end":{"line":241,"column":35}},"100":{"start":{"line":242,"column":4},"end":{"line":255,"column":5}},"101":{"start":{"line":243,"column":6},"end":{"line":243,"column":64}},"102":{"start":{"line":245,"column":6},"end":{"line":254,"column":7}},"103":{"start":{"line":246,"column":27},"end":{"line":248,"column":10}},"104":{"start":{"line":249,"column":8},"end":{"line":251,"column":9}},"105":{"start":{"line":250,"column":10},"end":{"line":250,"column":54}},"106":{"start":{"line":253,"column":8},"end":{"line":253,"column":59}},"107":{"start":{"line":259,"column":27},"end":{"line":259,"column":35}},"108":{"start":{"line":260,"column":4},"end":{"line":273,"column":5}},"109":{"start":{"line":261,"column":6},"end":{"line":261,"column":64}},"110":{"start":{"line":263,"column":6},"end":{"line":272,"column":7}},"111":{"start":{"line":264,"column":27},"end":{"line":266,"column":10}},"112":{"start":{"line":267,"column":8},"end":{"line":269,"column":9}},"113":{"start":{"line":268,"column":10},"end":{"line":268,"column":54}},"114":{"start":{"line":271,"column":8},"end":{"line":271,"column":57}},"115":{"start":{"line":277,"column":39},"end":{"line":277,"column":47}},"116":{"start":{"line":278,"column":4},"end":{"line":325,"column":5}},"117":{"start":{"line":279,"column":6},"end":{"line":279,"column":64}},"118":{"start":{"line":281,"column":36},"end":{"line":281,"column":76}},"119":{"start":{"line":282,"column":6},"end":{"line":324,"column":7}},"120":{"start":{"line":283,"column":8},"end":{"line":307,"column":11}},"121":{"start":{"line":284,"column":10},"end":{"line":306,"column":11}},"122":{"start":{"line":285,"column":12},"end":{"line":285,"column":75}},"123":{"start":{"line":287,"column":12},"end":{"line":305,"column":13}},"124":{"start":{"line":288,"column":36},"end":{"line":296,"column":16}},"125":{"start":{"line":297,"column":14},"end":{"line":302,"column":17}},"126":{"start":{"line":298,"column":16},"end":{"line":300,"column":17}},"127":{"start":{"line":299,"column":18},"end":{"line":299,"column":35}},"128":{"start":{"line":301,"column":16},"end":{"line":301,"column":71}},"129":{"start":{"line":304,"column":14},"end":{"line":304,"column":63}},"130":{"start":{"line":309,"column":8},"end":{"line":323,"column":9}},"131":{"start":{"line":310,"column":32},"end":{"line":314,"column":12}},"132":{"start":{"line":315,"column":10},"end":{"line":320,"column":13}},"133":{"start":{"line":316,"column":12},"end":{"line":318,"column":13}},"134":{"start":{"line":317,"column":14},"end":{"line":317,"column":31}},"135":{"start":{"line":319,"column":12},"end":{"line":319,"column":67}},"136":{"start":{"line":322,"column":10},"end":{"line":322,"column":59}},"137":{"start":{"line":329,"column":23},"end":{"line":329,"column":31}},"138":{"start":{"line":330,"column":4},"end":{"line":346,"column":5}},"139":{"start":{"line":331,"column":6},"end":{"line":331,"column":66}},"140":{"start":{"line":333,"column":6},"end":{"line":345,"column":7}},"141":{"start":{"line":334,"column":27},"end":{"line":336,"column":10}},"142":{"start":{"line":337,"column":8},"end":{"line":342,"column":11}},"143":{"start":{"line":338,"column":10},"end":{"line":340,"column":11}},"144":{"start":{"line":339,"column":12},"end":{"line":339,"column":29}},"145":{"start":{"line":341,"column":10},"end":{"line":341,"column":65}},"146":{"start":{"line":344,"column":8},"end":{"line":344,"column":25}},"147":{"start":{"line":350,"column":26},"end":{"line":350,"column":39}},"148":{"start":{"line":351,"column":0},"end":{"line":351,"column":35}}},"fnMap":{"0":{"name":"(anonymous_0)","decl":{"start":{"line":7,"column":2},"end":{"line":7,"column":3}},"loc":{"start":{"line":7,"column":36},"end":{"line":28,"column":3}},"line":7},"1":{"name":"(anonymous_1)","decl":{"start":{"line":22,"column":26},"end":{"line":22,"column":27}},"loc":{"start":{"line":22,"column":35},"end":{"line":26,"column":7}},"line":22},"2":{"name":"(anonymous_2)","decl":{"start":{"line":30,"column":2},"end":{"line":30,"column":3}},"loc":{"start":{"line":30,"column":32},"end":{"line":42,"column":3}},"line":30},"3":{"name":"(anonymous_3)","decl":{"start":{"line":44,"column":2},"end":{"line":44,"column":3}},"loc":{"start":{"line":44,"column":33},"end":{"line":96,"column":3}},"line":44},"4":{"name":"(anonymous_4)","decl":{"start":{"line":98,"column":2},"end":{"line":98,"column":3}},"loc":{"start":{"line":98,"column":34},"end":{"line":163,"column":3}},"line":98},"5":{"name":"(anonymous_5)","decl":{"start":{"line":155,"column":25},"end":{"line":155,"column":26}},"loc":{"start":{"line":155,"column":34},"end":{"line":158,"column":9}},"line":155},"6":{"name":"(anonymous_6)","decl":{"start":{"line":165,"column":2},"end":{"line":165,"column":3}},"loc":{"start":{"line":165,"column":35},"end":{"line":182,"column":3}},"line":165},"7":{"name":"(anonymous_7)","decl":{"start":{"line":184,"column":2},"end":{"line":184,"column":3}},"loc":{"start":{"line":184,"column":35},"end":{"line":201,"column":3}},"line":184},"8":{"name":"(anonymous_8)","decl":{"start":{"line":203,"column":2},"end":{"line":203,"column":3}},"loc":{"start":{"line":203,"column":39},"end":{"line":219,"column":3}},"line":203},"9":{"name":"(anonymous_9)","decl":{"start":{"line":221,"column":2},"end":{"line":221,"column":3}},"loc":{"start":{"line":221,"column":36},"end":{"line":238,"column":3}},"line":221},"10":{"name":"(anonymous_10)","decl":{"start":{"line":240,"column":2},"end":{"line":240,"column":3}},"loc":{"start":{"line":240,"column":33},"end":{"line":256,"column":3}},"line":240},"11":{"name":"(anonymous_11)","decl":{"start":{"line":258,"column":2},"end":{"line":258,"column":3}},"loc":{"start":{"line":258,"column":33},"end":{"line":274,"column":3}},"line":258},"12":{"name":"(anonymous_12)","decl":{"start":{"line":276,"column":2},"end":{"line":276,"column":3}},"loc":{"start":{"line":276,"column":32},"end":{"line":326,"column":3}},"line":276},"13":{"name":"(anonymous_13)","decl":{"start":{"line":283,"column":52},"end":{"line":283,"column":53}},"loc":{"start":{"line":283,"column":62},"end":{"line":307,"column":9}},"line":283},"14":{"name":"(anonymous_14)","decl":{"start":{"line":297,"column":35},"end":{"line":297,"column":36}},"loc":{"start":{"line":297,"column":52},"end":{"line":302,"column":15}},"line":297},"15":{"name":"(anonymous_15)","decl":{"start":{"line":315,"column":31},"end":{"line":315,"column":32}},"loc":{"start":{"line":315,"column":48},"end":{"line":320,"column":11}},"line":315},"16":{"name":"(anonymous_16)","decl":{"start":{"line":328,"column":2},"end":{"line":328,"column":3}},"loc":{"start":{"line":328,"column":31},"end":{"line":347,"column":3}},"line":328},"17":{"name":"(anonymous_17)","decl":{"start":{"line":337,"column":26},"end":{"line":337,"column":27}},"loc":{"start":{"line":337,"column":43},"end":{"line":342,"column":9}},"line":337}},"branchMap":{"0":{"loc":{"start":{"line":13,"column":6},"end":{"line":17,"column":7}},"type":"if","locations":[{"start":{"line":13,"column":6},"end":{"line":17,"column":7}},{"start":{"line":15,"column":13},"end":{"line":17,"column":7}}],"line":13},"1":{"loc":{"start":{"line":19,"column":6},"end":{"line":21,"column":7}},"type":"if","locations":[{"start":{"line":19,"column":6},"end":{"line":21,"column":7}},{"start":{},"end":{}}],"line":19},"2":{"loc":{"start":{"line":23,"column":8},"end":{"line":25,"column":9}},"type":"if","locations":[{"start":{"line":23,"column":8},"end":{"line":25,"column":9}},{"start":{},"end":{}}],"line":23},"3":{"loc":{"start":{"line":36,"column":6},"end":{"line":38,"column":7}},"type":"if","locations":[{"start":{"line":36,"column":6},"end":{"line":38,"column":7}},{"start":{},"end":{}}],"line":36},"4":{"loc":{"start":{"line":49,"column":4},"end":{"line":95,"column":5}},"type":"if","locations":[{"start":{"line":49,"column":4},"end":{"line":95,"column":5}},{"start":{"line":62,"column":9},"end":{"line":95,"column":5}}],"line":49},"5":{"loc":{"start":{"line":62,"column":9},"end":{"line":95,"column":5}},"type":"if","locations":[{"start":{"line":62,"column":9},"end":{"line":95,"column":5}},{"start":{"line":69,"column":9},"end":{"line":95,"column":5}}],"line":62},"6":{"loc":{"start":{"line":62,"column":13},"end":{"line":62,"column":61}},"type":"binary-expr","locations":[{"start":{"line":62,"column":13},"end":{"line":62,"column":31}},{"start":{"line":62,"column":35},"end":{"line":62,"column":61}}],"line":62},"7":{"loc":{"start":{"line":69,"column":9},"end":{"line":95,"column":5}},"type":"if","locations":[{"start":{"line":69,"column":9},"end":{"line":95,"column":5}},{"start":{"line":72,"column":11},"end":{"line":95,"column":5}}],"line":69},"8":{"loc":{"start":{"line":89,"column":8},"end":{"line":91,"column":9}},"type":"if","locations":[{"start":{"line":89,"column":8},"end":{"line":91,"column":9}},{"start":{},"end":{}}],"line":89},"9":{"loc":{"start":{"line":113,"column":4},"end":{"line":162,"column":5}},"type":"if","locations":[{"start":{"line":113,"column":4},"end":{"line":162,"column":5}},{"start":{"line":126,"column":9},"end":{"line":162,"column":5}}],"line":113},"10":{"loc":{"start":{"line":126,"column":9},"end":{"line":162,"column":5}},"type":"if","locations":[{"start":{"line":126,"column":9},"end":{"line":162,"column":5}},{"start":{"line":132,"column":9},"end":{"line":162,"column":5}}],"line":126},"11":{"loc":{"start":{"line":126,"column":13},"end":{"line":126,"column":61}},"type":"binary-expr","locations":[{"start":{"line":126,"column":13},"end":{"line":126,"column":31}},{"start":{"line":126,"column":35},"end":{"line":126,"column":61}}],"line":126},"12":{"loc":{"start":{"line":132,"column":9},"end":{"line":162,"column":5}},"type":"if","locations":[{"start":{"line":132,"column":9},"end":{"line":162,"column":5}},{"start":{"line":135,"column":11},"end":{"line":162,"column":5}}],"line":132},"13":{"loc":{"start":{"line":132,"column":13},"end":{"line":132,"column":49}},"type":"binary-expr","locations":[{"start":{"line":132,"column":13},"end":{"line":132,"column":23}},{"start":{"line":132,"column":27},"end":{"line":132,"column":49}}],"line":132},"14":{"loc":{"start":{"line":145,"column":6},"end":{"line":152,"column":7}},"type":"if","locations":[{"start":{"line":145,"column":6},"end":{"line":152,"column":7}},{"start":{},"end":{}}],"line":145},"15":{"loc":{"start":{"line":156,"column":10},"end":{"line":156,"column":36}},"type":"if","locations":[{"start":{"line":156,"column":10},"end":{"line":156,"column":36}},{"start":{},"end":{}}],"line":156},"16":{"loc":{"start":{"line":167,"column":4},"end":{"line":181,"column":5}},"type":"if","locations":[{"start":{"line":167,"column":4},"end":{"line":181,"column":5}},{"start":{"line":169,"column":11},"end":{"line":181,"column":5}}],"line":167},"17":{"loc":{"start":{"line":173,"column":8},"end":{"line":177,"column":9}},"type":"if","locations":[{"start":{"line":173,"column":8},"end":{"line":177,"column":9}},{"start":{},"end":{}}],"line":173},"18":{"loc":{"start":{"line":186,"column":4},"end":{"line":200,"column":5}},"type":"if","locations":[{"start":{"line":186,"column":4},"end":{"line":200,"column":5}},{"start":{"line":188,"column":11},"end":{"line":200,"column":5}}],"line":186},"19":{"loc":{"start":{"line":194,"column":8},"end":{"line":196,"column":9}},"type":"if","locations":[{"start":{"line":194,"column":8},"end":{"line":196,"column":9}},{"start":{},"end":{}}],"line":194},"20":{"loc":{"start":{"line":205,"column":4},"end":{"line":218,"column":5}},"type":"if","locations":[{"start":{"line":205,"column":4},"end":{"line":218,"column":5}},{"start":{"line":207,"column":11},"end":{"line":218,"column":5}}],"line":205},"21":{"loc":{"start":{"line":212,"column":8},"end":{"line":214,"column":9}},"type":"if","locations":[{"start":{"line":212,"column":8},"end":{"line":214,"column":9}},{"start":{},"end":{}}],"line":212},"22":{"loc":{"start":{"line":223,"column":4},"end":{"line":237,"column":5}},"type":"if","locations":[{"start":{"line":223,"column":4},"end":{"line":237,"column":5}},{"start":{"line":225,"column":11},"end":{"line":237,"column":5}}],"line":223},"23":{"loc":{"start":{"line":231,"column":8},"end":{"line":233,"column":9}},"type":"if","locations":[{"start":{"line":231,"column":8},"end":{"line":233,"column":9}},{"start":{},"end":{}}],"line":231},"24":{"loc":{"start":{"line":242,"column":4},"end":{"line":255,"column":5}},"type":"if","locations":[{"start":{"line":242,"column":4},"end":{"line":255,"column":5}},{"start":{"line":244,"column":11},"end":{"line":255,"column":5}}],"line":242},"25":{"loc":{"start":{"line":249,"column":8},"end":{"line":251,"column":9}},"type":"if","locations":[{"start":{"line":249,"column":8},"end":{"line":251,"column":9}},{"start":{},"end":{}}],"line":249},"26":{"loc":{"start":{"line":260,"column":4},"end":{"line":273,"column":5}},"type":"if","locations":[{"start":{"line":260,"column":4},"end":{"line":273,"column":5}},{"start":{"line":262,"column":11},"end":{"line":273,"column":5}}],"line":260},"27":{"loc":{"start":{"line":267,"column":8},"end":{"line":269,"column":9}},"type":"if","locations":[{"start":{"line":267,"column":8},"end":{"line":269,"column":9}},{"start":{},"end":{}}],"line":267},"28":{"loc":{"start":{"line":278,"column":4},"end":{"line":325,"column":5}},"type":"if","locations":[{"start":{"line":278,"column":4},"end":{"line":325,"column":5}},{"start":{"line":280,"column":11},"end":{"line":325,"column":5}}],"line":278},"29":{"loc":{"start":{"line":278,"column":8},"end":{"line":278,"column":42}},"type":"binary-expr","locations":[{"start":{"line":278,"column":8},"end":{"line":278,"column":12}},{"start":{"line":278,"column":16},"end":{"line":278,"column":23}},{"start":{"line":278,"column":27},"end":{"line":278,"column":34}},{"start":{"line":278,"column":38},"end":{"line":278,"column":42}}],"line":278},"30":{"loc":{"start":{"line":282,"column":6},"end":{"line":324,"column":7}},"type":"if","locations":[{"start":{"line":282,"column":6},"end":{"line":324,"column":7}},{"start":{"line":308,"column":13},"end":{"line":324,"column":7}}],"line":282},"31":{"loc":{"start":{"line":284,"column":10},"end":{"line":306,"column":11}},"type":"if","locations":[{"start":{"line":284,"column":10},"end":{"line":306,"column":11}},{"start":{"line":286,"column":17},"end":{"line":306,"column":11}}],"line":284},"32":{"loc":{"start":{"line":298,"column":16},"end":{"line":300,"column":17}},"type":"if","locations":[{"start":{"line":298,"column":16},"end":{"line":300,"column":17}},{"start":{},"end":{}}],"line":298},"33":{"loc":{"start":{"line":316,"column":12},"end":{"line":318,"column":13}},"type":"if","locations":[{"start":{"line":316,"column":12},"end":{"line":318,"column":13}},{"start":{},"end":{}}],"line":316},"34":{"loc":{"start":{"line":330,"column":4},"end":{"line":346,"column":5}},"type":"if","locations":[{"start":{"line":330,"column":4},"end":{"line":346,"column":5}},{"start":{"line":332,"column":11},"end":{"line":346,"column":5}}],"line":330},"35":{"loc":{"start":{"line":338,"column":10},"end":{"line":340,"column":11}},"type":"if","locations":[{"start":{"line":338,"column":10},"end":{"line":340,"column":11}},{"start":{},"end":{}}],"line":338}},"s":{"0":1,"1":1,"2":1,"3":1,"4":1,"5":1,"6":1,"7":0,"8":0,"9":0,"10":0,"11":0,"12":0,"13":0,"14":0,"15":0,"16":0,"17":1,"18":1,"19":1,"20":1,"21":0,"22":1,"23":1,"24":1,"25":1,"26":0,"27":0,"28":0,"29":0,"30":0,"31":0,"32":0,"33":0,"34":0,"35":0,"36":0,"37":0,"38":0,"39":0,"40":0,"41":0,"42":0,"43":0,"44":0,"45":0,"46":0,"47":0,"48":0,"49":0,"50":0,"51":0,"52":0,"53":0,"54":0,"55":0,"56":0,"57":0,"58":0,"59":0,"60":0,"61":0,"62":0,"63":0,"64":0,"65":0,"66":0,"67":0,"68":0,"69":0,"70":0,"71":0,"72":0,"73":0,"74":0,"75":0,"76":0,"77":0,"78":0,"79":0,"80":0,"81":0,"82":0,"83":0,"84":0,"85":0,"86":0,"87":0,"88":0,"89":0,"90":0,"91":0,"92":0,"93":0,"94":0,"95":0,"96":0,"97":0,"98":0,"99":0,"100":0,"101":0,"102":0,"103":0,"104":0,"105":0,"106":0,"107":0,"108":0,"109":0,"110":0,"111":0,"112":0,"113":0,"114":0,"115":0,"116":0,"117":0,"118":0,"119":0,"120":0,"121":0,"122":0,"123":0,"124":0,"125":0,"126":0,"127":0,"128":0,"129":0,"130":0,"131":0,"132":0,"133":0,"134":0,"135":0,"136":0,"137":0,"138":0,"139":0,"140":0,"141":0,"142":0,"143":0,"144":0,"145":0,"146":0,"147":1,"148":1},"f":{"0":1,"1":0,"2":1,"3":1,"4":0,"5":0,"6":0,"7":0,"8":0,"9":0,"10":0,"11":0,"12":0,"13":0,"14":0,"15":0,"16":0,"17":0},"b":{"0":[0,0],"1":[0,0],"2":[0,0],"3":[1,0],"4":[1,0],"5":[0,0],"6":[0,0],"7":[0,0],"8":[0,0],"9":[0,0],"10":[0,0],"11":[0,0],"12":[0,0],"13":[0,0],"14":[0,0],"15":[0,0],"16":[0,0],"17":[0,0],"18":[0,0],"19":[0,0],"20":[0,0],"21":[0,0],"22":[0,0],"23":[0,0],"24":[0,0],"25":[0,0],"26":[0,0],"27":[0,0],"28":[0,0],"29":[0,0,0,0],"30":[0,0],"31":[0,0],"32":[0,0],"33":[0,0],"34":[0,0],"35":[0,0]},"_coverageSchema":"1a1c01bbd47fc00a2c39e90264f33305004495a9","hash":"35752a1c6e492e99e7babfde933b98a61d470239"}
,"C:\\Users\\HP\\OneDrive - Coventry University\\Documents\\MERN\\HardwareHouse\\server\\controller\\users.js": {"path":"C:\\Users\\HP\\OneDrive - Coventry University\\Documents\\MERN\\HardwareHouse\\server\\controller\\users.js","statementMap":{"0":{"start":{"line":1,"column":18},"end":{"line":1,"column":44}},"1":{"start":{"line":2,"column":15},"end":{"line":2,"column":34}},"2":{"start":{"line":6,"column":4},"end":{"line":17,"column":5}},"3":{"start":{"line":7,"column":18},"end":{"line":11,"column":26}},"4":{"start":{"line":12,"column":6},"end":{"line":14,"column":7}},"5":{"start":{"line":13,"column":8},"end":{"line":13,"column":35}},"6":{"start":{"line":16,"column":6},"end":{"line":16,"column":23}},"7":{"start":{"line":21,"column":18},"end":{"line":21,"column":26}},"8":{"start":{"line":22,"column":4},"end":{"line":35,"column":5}},"9":{"start":{"line":23,"column":6},"end":{"line":23,"column":64}},"10":{"start":{"line":25,"column":6},"end":{"line":34,"column":7}},"11":{"start":{"line":26,"column":19},"end":{"line":28,"column":73}},"12":{"start":{"line":29,"column":8},"end":{"line":31,"column":9}},"13":{"start":{"line":30,"column":10},"end":{"line":30,"column":36}},"14":{"start":{"line":33,"column":8},"end":{"line":33,"column":25}},"15":{"start":{"line":39,"column":70},"end":{"line":39,"column":78}},"16":{"start":{"line":40,"column":4},"end":{"line":66,"column":5}},"17":{"start":{"line":48,"column":6},"end":{"line":48,"column":66}},"18":{"start":{"line":50,"column":6},"end":{"line":65,"column":7}},"19":{"start":{"line":51,"column":22},"end":{"line":58,"column":10}},"20":{"start":{"line":59,"column":19},"end":{"line":59,"column":39}},"21":{"start":{"line":60,"column":8},"end":{"line":62,"column":9}},"22":{"start":{"line":61,"column":10},"end":{"line":61,"column":68}},"23":{"start":{"line":64,"column":8},"end":{"line":64,"column":42}},"24":{"start":{"line":70,"column":37},"end":{"line":70,"column":45}},"25":{"start":{"line":71,"column":4},"end":{"line":83,"column":5}},"26":{"start":{"line":72,"column":6},"end":{"line":72,"column":66}},"27":{"start":{"line":74,"column":24},"end":{"line":78,"column":8}},"28":{"start":{"line":79,"column":6},"end":{"line":82,"column":9}},"29":{"start":{"line":80,"column":8},"end":{"line":80,"column":34}},"30":{"start":{"line":80,"column":17},"end":{"line":80,"column":34}},"31":{"start":{"line":81,"column":8},"end":{"line":81,"column":66}},"32":{"start":{"line":87,"column":26},"end":{"line":87,"column":34}},"33":{"start":{"line":88,"column":4},"end":{"line":99,"column":5}},"34":{"start":{"line":89,"column":6},"end":{"line":89,"column":66}},"35":{"start":{"line":91,"column":24},"end":{"line":94,"column":8}},"36":{"start":{"line":95,"column":6},"end":{"line":98,"column":9}},"37":{"start":{"line":96,"column":8},"end":{"line":96,"column":34}},"38":{"start":{"line":96,"column":17},"end":{"line":96,"column":34}},"39":{"start":{"line":97,"column":8},"end":{"line":97,"column":66}},"40":{"start":{"line":103,"column":44},"end":{"line":103,"column":52}},"41":{"start":{"line":104,"column":4},"end":{"line":129,"column":5}},"42":{"start":{"line":105,"column":6},"end":{"line":105,"column":66}},"43":{"start":{"line":107,"column":19},"end":{"line":107,"column":56}},"44":{"start":{"line":108,"column":6},"end":{"line":128,"column":7}},"45":{"start":{"line":109,"column":8},"end":{"line":111,"column":11}},"46":{"start":{"line":113,"column":29},"end":{"line":113,"column":77}},"47":{"start":{"line":114,"column":8},"end":{"line":127,"column":9}},"48":{"start":{"line":115,"column":10},"end":{"line":115,"column":57}},"49":{"start":{"line":116,"column":27},"end":{"line":118,"column":12}},"50":{"start":{"line":119,"column":10},"end":{"line":122,"column":13}},"51":{"start":{"line":120,"column":12},"end":{"line":120,"column":38}},"52":{"start":{"line":120,"column":21},"end":{"line":120,"column":38}},"53":{"start":{"line":121,"column":12},"end":{"line":121,"column":74}},"54":{"start":{"line":124,"column":10},"end":{"line":126,"column":13}},"55":{"start":{"line":133,"column":25},"end":{"line":133,"column":35}},"56":{"start":{"line":134,"column":0},"end":{"line":134,"column":34}}},"fnMap":{"0":{"name":"(anonymous_0)","decl":{"start":{"line":5,"column":2},"end":{"line":5,"column":3}},"loc":{"start":{"line":5,"column":29},"end":{"line":18,"column":3}},"line":5},"1":{"name":"(anonymous_1)","decl":{"start":{"line":20,"column":2},"end":{"line":20,"column":3}},"loc":{"start":{"line":20,"column":32},"end":{"line":36,"column":3}},"line":20},"2":{"name":"(anonymous_2)","decl":{"start":{"line":38,"column":2},"end":{"line":38,"column":3}},"loc":{"start":{"line":38,"column":30},"end":{"line":67,"column":3}},"line":38},"3":{"name":"(anonymous_3)","decl":{"start":{"line":69,"column":2},"end":{"line":69,"column":3}},"loc":{"start":{"line":69,"column":31},"end":{"line":84,"column":3}},"line":69},"4":{"name":"(anonymous_4)","decl":{"start":{"line":79,"column":23},"end":{"line":79,"column":24}},"loc":{"start":{"line":79,"column":40},"end":{"line":82,"column":7}},"line":79},"5":{"name":"(anonymous_5)","decl":{"start":{"line":86,"column":2},"end":{"line":86,"column":3}},"loc":{"start":{"line":86,"column":32},"end":{"line":100,"column":3}},"line":86},"6":{"name":"(anonymous_6)","decl":{"start":{"line":95,"column":23},"end":{"line":95,"column":24}},"loc":{"start":{"line":95,"column":40},"end":{"line":98,"column":7}},"line":95},"7":{"name":"(anonymous_7)","decl":{"start":{"line":102,"column":2},"end":{"line":102,"column":3}},"loc":{"start":{"line":102,"column":33},"end":{"line":130,"column":3}},"line":102},"8":{"name":"(anonymous_8)","decl":{"start":{"line":119,"column":26},"end":{"line":119,"column":27}},"loc":{"start":{"line":119,"column":43},"end":{"line":122,"column":11}},"line":119}},"branchMap":{"0":{"loc":{"start":{"line":12,"column":6},"end":{"line":14,"column":7}},"type":"if","locations":[{"start":{"line":12,"column":6},"end":{"line":14,"column":7}},{"start":{},"end":{}}],"line":12},"1":{"loc":{"start":{"line":22,"column":4},"end":{"line":35,"column":5}},"type":"if","locations":[{"start":{"line":22,"column":4},"end":{"line":35,"column":5}},{"start":{"line":24,"column":11},"end":{"line":35,"column":5}}],"line":22},"2":{"loc":{"start":{"line":29,"column":8},"end":{"line":31,"column":9}},"type":"if","locations":[{"start":{"line":29,"column":8},"end":{"line":31,"column":9}},{"start":{},"end":{}}],"line":29},"3":{"loc":{"start":{"line":40,"column":4},"end":{"line":66,"column":5}},"type":"if","locations":[{"start":{"line":40,"column":4},"end":{"line":66,"column":5}},{"start":{"line":49,"column":11},"end":{"line":66,"column":5}}],"line":40},"4":{"loc":{"start":{"line":41,"column":6},"end":{"line":46,"column":12}},"type":"binary-expr","locations":[{"start":{"line":41,"column":6},"end":{"line":41,"column":17}},{"start":{"line":42,"column":6},"end":{"line":42,"column":11}},{"start":{"line":43,"column":6},"end":{"line":43,"column":13}},{"start":{"line":44,"column":6},"end":{"line":44,"column":20}},{"start":{"line":45,"column":6},"end":{"line":45,"column":14}},{"start":{"line":46,"column":6},"end":{"line":46,"column":12}}],"line":41},"5":{"loc":{"start":{"line":60,"column":8},"end":{"line":62,"column":9}},"type":"if","locations":[{"start":{"line":60,"column":8},"end":{"line":62,"column":9}},{"start":{},"end":{}}],"line":60},"6":{"loc":{"start":{"line":71,"column":4},"end":{"line":83,"column":5}},"type":"if","locations":[{"start":{"line":71,"column":4},"end":{"line":83,"column":5}},{"start":{"line":73,"column":11},"end":{"line":83,"column":5}}],"line":71},"7":{"loc":{"start":{"line":71,"column":8},"end":{"line":71,"column":37}},"type":"binary-expr","locations":[{"start":{"line":71,"column":8},"end":{"line":71,"column":12}},{"start":{"line":71,"column":16},"end":{"line":71,"column":21}},{"start":{"line":71,"column":25},"end":{"line":71,"column":37}}],"line":71},"8":{"loc":{"start":{"line":80,"column":8},"end":{"line":80,"column":34}},"type":"if","locations":[{"start":{"line":80,"column":8},"end":{"line":80,"column":34}},{"start":{},"end":{}}],"line":80},"9":{"loc":{"start":{"line":88,"column":4},"end":{"line":99,"column":5}},"type":"if","locations":[{"start":{"line":88,"column":4},"end":{"line":99,"column":5}},{"start":{"line":90,"column":11},"end":{"line":99,"column":5}}],"line":88},"10":{"loc":{"start":{"line":88,"column":8},"end":{"line":88,"column":23}},"type":"binary-expr","locations":[{"start":{"line":88,"column":8},"end":{"line":88,"column":12}},{"start":{"line":88,"column":16},"end":{"line":88,"column":23}}],"line":88},"11":{"loc":{"start":{"line":96,"column":8},"end":{"line":96,"column":34}},"type":"if","locations":[{"start":{"line":96,"column":8},"end":{"line":96,"column":34}},{"start":{},"end":{}}],"line":96},"12":{"loc":{"start":{"line":104,"column":4},"end":{"line":129,"column":5}},"type":"if","locations":[{"start":{"line":104,"column":4},"end":{"line":129,"column":5}},{"start":{"line":106,"column":11},"end":{"line":129,"column":5}}],"line":104},"13":{"loc":{"start":{"line":104,"column":8},"end":{"line":104,"column":44}},"type":"binary-expr","locations":[{"start":{"line":104,"column":8},"end":{"line":104,"column":12}},{"start":{"line":104,"column":16},"end":{"line":104,"column":28}},{"start":{"line":104,"column":32},"end":{"line":104,"column":44}}],"line":104},"14":{"loc":{"start":{"line":108,"column":6},"end":{"line":128,"column":7}},"type":"if","locations":[{"start":{"line":108,"column":6},"end":{"line":128,"column":7}},{"start":{"line":112,"column":13},"end":{"line":128,"column":7}}],"line":108},"15":{"loc":{"start":{"line":114,"column":8},"end":{"line":127,"column":9}},"type":"if","locations":[{"start":{"line":114,"column":8},"end":{"line":127,"column":9}},{"start":{"line":123,"column":15},"end":{"line":127,"column":9}}],"line":114},"16":{"loc":{"start":{"line":120,"column":12},"end":{"line":120,"column":38}},"type":"if","locations":[{"start":{"line":120,"column":12},"end":{"line":120,"column":38}},{"start":{},"end":{}}],"line":120}},"s":{"0":1,"1":1,"2":1,"3":1,"4":1,"5":1,"6":0,"7":1,"8":1,"9":1,"10":0,"11":0,"12":0,"13":0,"14":0,"15":0,"16":0,"17":0,"18":0,"19":0,"20":0,"21":0,"22":0,"23":0,"24":1,"25":1,"26":0,"27":1,"28":1,"29":1,"30":0,"31":1,"32":0,"33":0,"34":0,"35":0,"36":0,"37":0,"38":0,"39":0,"40":1,"41":1,"42":0,"43":1,"44":1,"45":1,"46":0,"47":0,"48":0,"49":0,"50":0,"51":0,"52":0,"53":0,"54":0,"55":1,"56":1},"f":{"0":1,"1":1,"2":0,"3":1,"4":1,"5":0,"6":0,"7":1,"8":0},"b":{"0":[1,0],"1":[1,0],"2":[0,0],"3":[0,0],"4":[0,0,0,0,0,0],"5":[0,0],"6":[0,1],"7":[1,1,1],"8":[0,1],"9":[0,0],"10":[0,0],"11":[0,0],"12":[0,1],"13":[1,1,1],"14":[1,0],"15":[0,0],"16":[0,0]},"_coverageSchema":"1a1c01bbd47fc00a2c39e90264f33305004495a9","hash":"2044b9698e9e4ef8821ad068127824351d7e64b4"}
,"C:\\Users\\HP\\OneDrive - Coventry University\\Documents\\MERN\\HardwareHouse\\server\\middleware\\auth.js": {"path":"C:\\Users\\HP\\OneDrive - Coventry University\\Documents\\MERN\\HardwareHouse\\server\\middleware\\auth.js","statementMap":{"0":{"start":{"line":1,"column":12},"end":{"line":1,"column":35}},"1":{"start":{"line":2,"column":23},"end":{"line":2,"column":48}},"2":{"start":{"line":3,"column":18},"end":{"line":3,"column":44}},"3":{"start":{"line":5,"column":0},"end":{"line":17,"column":2}},"4":{"start":{"line":6,"column":2},"end":{"line":16,"column":3}},"5":{"start":{"line":7,"column":16},"end":{"line":7,"column":33}},"6":{"start":{"line":8,"column":4},"end":{"line":8,"column":41}},"7":{"start":{"line":9,"column":4},"end":{"line":9,"column":43}},"8":{"start":{"line":10,"column":4},"end":{"line":10,"column":29}},"9":{"start":{"line":11,"column":4},"end":{"line":11,"column":11}},"10":{"start":{"line":13,"column":4},"end":{"line":15,"column":7}},"11":{"start":{"line":19,"column":0},"end":{"line":29,"column":2}},"12":{"start":{"line":20,"column":27},"end":{"line":20,"column":35}},"13":{"start":{"line":21,"column":2},"end":{"line":27,"column":3}},"14":{"start":{"line":26,"column":4},"end":{"line":26,"column":64}},"15":{"start":{"line":28,"column":2},"end":{"line":28,"column":9}},"16":{"start":{"line":31,"column":0},"end":{"line":42,"column":2}},"17":{"start":{"line":32,"column":2},"end":{"line":41,"column":3}},"18":{"start":{"line":33,"column":18},"end":{"line":33,"column":67}},"19":{"start":{"line":35,"column":4},"end":{"line":37,"column":5}},"20":{"start":{"line":36,"column":6},"end":{"line":36,"column":55}},"21":{"start":{"line":38,"column":4},"end":{"line":38,"column":11}},"22":{"start":{"line":40,"column":4},"end":{"line":40,"column":20}}},"fnMap":{"0":{"name":"(anonymous_0)","decl":{"start":{"line":5,"column":21},"end":{"line":5,"column":22}},"loc":{"start":{"line":5,"column":41},"end":{"line":17,"column":1}},"line":5},"1":{"name":"(anonymous_1)","decl":{"start":{"line":19,"column":17},"end":{"line":19,"column":18}},"loc":{"start":{"line":19,"column":37},"end":{"line":29,"column":1}},"line":19},"2":{"name":"(anonymous_2)","decl":{"start":{"line":31,"column":18},"end":{"line":31,"column":19}},"loc":{"start":{"line":31,"column":44},"end":{"line":42,"column":1}},"line":31}},"branchMap":{"0":{"loc":{"start":{"line":21,"column":2},"end":{"line":27,"column":3}},"type":"if","locations":[{"start":{"line":21,"column":2},"end":{"line":27,"column":3}},{"start":{},"end":{}}],"line":21},"1":{"loc":{"start":{"line":22,"column":4},"end":{"line":24,"column":41}},"type":"binary-expr","locations":[{"start":{"line":22,"column":4},"end":{"line":22,"column":19}},{"start":{"line":23,"column":4},"end":{"line":23,"column":24}},{"start":{"line":24,"column":4},"end":{"line":24,"column":41}}],"line":22},"2":{"loc":{"start":{"line":35,"column":4},"end":{"line":37,"column":5}},"type":"if","locations":[{"start":{"line":35,"column":4},"end":{"line":37,"column":5}},{"start":{},"end":{}}],"line":35}},"s":{"0":1,"1":1,"2":1,"3":1,"4":0,"5":0,"6":0,"7":0,"8":0,"9":0,"10":0,"11":1,"12":0,"13":0,"14":0,"15":0,"16":1,"17":0,"18":0,"19":0,"20":0,"21":0,"22":0},"f":{"0":0,"1":0,"2":0},"b":{"0":[0,0],"1":[0,0,0],"2":[0,0]},"_coverageSchema":"1a1c01bbd47fc00a2c39e90264f33305004495a9","hash":"66c3bb5ee99e27e411aa471608aa7a7e9b271367"}
,"C:\\Users\\HP\\OneDrive - Coventry University\\Documents\\MERN\\HardwareHouse\\server\\models\\categories.js": {"path":"C:\\Users\\HP\\OneDrive - Coventry University\\Documents\\MERN\\HardwareHouse\\server\\models\\categories.js","statementMap":{"0":{"start":{"line":1,"column":17},"end":{"line":1,"column":36}},"1":{"start":{"line":3,"column":23},"end":{"line":22,"column":1}},"2":{"start":{"line":24,"column":22},"end":{"line":24,"column":66}},"3":{"start":{"line":25,"column":0},"end":{"line":25,"column":31}}},"fnMap":{},"branchMap":{},"s":{"0":1,"1":1,"2":1,"3":1},"f":{},"b":{},"_coverageSchema":"1a1c01bbd47fc00a2c39e90264f33305004495a9","hash":"da725d1166da18d5e4fd958c1cad74d2c26505eb"}
,"C:\\Users\\HP\\OneDrive - Coventry University\\Documents\\MERN\\HardwareHouse\\server\\models\\customize.js": {"path":"C:\\Users\\HP\\OneDrive - Coventry University\\Documents\\MERN\\HardwareHouse\\server\\models\\customize.js","statementMap":{"0":{"start":{"line":1,"column":17},"end":{"line":1,"column":36}},"1":{"start":{"line":3,"column":24},"end":{"line":14,"column":1}},"2":{"start":{"line":16,"column":23},"end":{"line":16,"column":68}},"3":{"start":{"line":17,"column":0},"end":{"line":17,"column":32}}},"fnMap":{},"branchMap":{},"s":{"0":1,"1":1,"2":1,"3":1},"f":{},"b":{},"_coverageSchema":"1a1c01bbd47fc00a2c39e90264f33305004495a9","hash":"91d6070e1cd7279b6cac03a0ad1135423252d20e"}
,"C:\\Users\\HP\\OneDrive - Coventry University\\Documents\\MERN\\HardwareHouse\\server\\models\\orders.js": {"path":"C:\\Users\\HP\\OneDrive - Coventry University\\Documents\\MERN\\HardwareHouse\\server\\models\\orders.js","statementMap":{"0":{"start":{"line":1,"column":17},"end":{"line":1,"column":36}},"1":{"start":{"line":2,"column":21},"end":{"line":2,"column":42}},"2":{"start":{"line":4,"column":20},"end":{"line":46,"column":1}},"3":{"start":{"line":48,"column":19},"end":{"line":48,"column":56}},"4":{"start":{"line":49,"column":0},"end":{"line":49,"column":28}}},"fnMap":{},"branchMap":{},"s":{"0":1,"1":1,"2":1,"3":1,"4":1},"f":{},"b":{},"_coverageSchema":"1a1c01bbd47fc00a2c39e90264f33305004495a9","hash":"60f6aea626484068d62c30cc87fbb78e60aa6ead"}
,"C:\\Users\\HP\\OneDrive - Coventry University\\Documents\\MERN\\HardwareHouse\\server\\models\\products.js": {"path":"C:\\Users\\HP\\OneDrive - Coventry University\\Documents\\MERN\\HardwareHouse\\server\\models\\products.js","statementMap":{"0":{"start":{"line":1,"column":17},"end":{"line":1,"column":36}},"1":{"start":{"line":2,"column":21},"end":{"line":2,"column":42}},"2":{"start":{"line":4,"column":22},"end":{"line":55,"column":1}},"3":{"start":{"line":57,"column":21},"end":{"line":57,"column":62}},"4":{"start":{"line":58,"column":0},"end":{"line":58,"column":30}}},"fnMap":{},"branchMap":{},"s":{"0":1,"1":1,"2":1,"3":1,"4":1},"f":{},"b":{},"_coverageSchema":"1a1c01bbd47fc00a2c39e90264f33305004495a9","hash":"8a9c7e1a16aa06161dea590d3d7f7f48e091855f"}
,"C:\\Users\\HP\\OneDrive - Coventry University\\Documents\\MERN\\HardwareHouse\\server\\models\\users.js": {"path":"C:\\Users\\HP\\OneDrive - Coventry University\\Documents\\MERN\\HardwareHouse\\server\\models\\users.js","statementMap":{"0":{"start":{"line":1,"column":17},"end":{"line":1,"column":36}},"1":{"start":{"line":3,"column":19},"end":{"line":46,"column":1}},"2":{"start":{"line":48,"column":18},"end":{"line":48,"column":53}},"3":{"start":{"line":49,"column":0},"end":{"line":49,"column":27}}},"fnMap":{},"branchMap":{},"s":{"0":1,"1":1,"2":1,"3":1},"f":{},"b":{},"_coverageSchema":"1a1c01bbd47fc00a2c39e90264f33305004495a9","hash":"cd8c428b37653a924e8d17bbf84afedef86d65a2"}
,"C:\\Users\\HP\\OneDrive - Coventry University\\Documents\\MERN\\HardwareHouse\\server\\routes\\auth.js": {"path":"C:\\Users\\HP\\OneDrive - Coventry University\\Documents\\MERN\\HardwareHouse\\server\\routes\\auth.js","statementMap":{"0":{"start":{"line":1,"column":16},"end":{"line":1,"column":34}},"1":{"start":{"line":2,"column":15},"end":{"line":2,"column":31}},"2":{"start":{"line":3,"column":23},"end":{"line":3,"column":52}},"3":{"start":{"line":4,"column":40},"end":{"line":4,"column":69}},"4":{"start":{"line":6,"column":0},"end":{"line":6,"column":48}},"5":{"start":{"line":7,"column":0},"end":{"line":7,"column":50}},"6":{"start":{"line":8,"column":0},"end":{"line":8,"column":50}},"7":{"start":{"line":9,"column":0},"end":{"line":9,"column":74}},"8":{"start":{"line":11,"column":0},"end":{"line":11,"column":24}}},"fnMap":{},"branchMap":{},"s":{"0":1,"1":1,"2":1,"3":1,"4":1,"5":1,"6":1,"7":1,"8":1},"f":{},"b":{},"_coverageSchema":"1a1c01bbd47fc00a2c39e90264f33305004495a9","hash":"60c425847c630fc1173c2b36bcab3a5c4d226dae"}
,"C:\\Users\\HP\\OneDrive - Coventry University\\Documents\\MERN\\HardwareHouse\\server\\routes\\braintree.js": {"path":"C:\\Users\\HP\\OneDrive - Coventry University\\Documents\\MERN\\HardwareHouse\\server\\routes\\braintree.js","statementMap":{"0":{"start":{"line":1,"column":16},"end":{"line":1,"column":34}},"1":{"start":{"line":2,"column":15},"end":{"line":2,"column":31}},"2":{"start":{"line":3,"column":28},"end":{"line":3,"column":62}},"3":{"start":{"line":5,"column":0},"end":{"line":5,"column":71}},"4":{"start":{"line":6,"column":0},"end":{"line":6,"column":70}},"5":{"start":{"line":8,"column":0},"end":{"line":8,"column":24}}},"fnMap":{},"branchMap":{},"s":{"0":1,"1":1,"2":1,"3":1,"4":1,"5":1},"f":{},"b":{},"_coverageSchema":"1a1c01bbd47fc00a2c39e90264f33305004495a9","hash":"a392425cc30deb1d43480a214e8c79566f3df0ac"}
,"C:\\Users\\HP\\OneDrive - Coventry University\\Documents\\MERN\\HardwareHouse\\server\\routes\\categories.js": {"path":"C:\\Users\\HP\\OneDrive - Coventry University\\Documents\\MERN\\HardwareHouse\\server\\routes\\categories.js","statementMap":{"0":{"start":{"line":1,"column":16},"end":{"line":1,"column":34}},"1":{"start":{"line":2,"column":15},"end":{"line":2,"column":31}},"2":{"start":{"line":3,"column":27},"end":{"line":3,"column":62}},"3":{"start":{"line":4,"column":15},"end":{"line":4,"column":32}},"4":{"start":{"line":5,"column":23},"end":{"line":5,"column":52}},"5":{"start":{"line":8,"column":14},"end":{"line":15,"column":2}},"6":{"start":{"line":10,"column":4},"end":{"line":10,"column":44}},"7":{"start":{"line":13,"column":4},"end":{"line":13,"column":51}},"8":{"start":{"line":17,"column":15},"end":{"line":17,"column":43}},"9":{"start":{"line":19,"column":0},"end":{"line":19,"column":63}},"10":{"start":{"line":20,"column":0},"end":{"line":25,"column":2}},"11":{"start":{"line":26,"column":0},"end":{"line":26,"column":79}},"12":{"start":{"line":27,"column":0},"end":{"line":31,"column":2}},"13":{"start":{"line":33,"column":0},"end":{"line":33,"column":24}}},"fnMap":{"0":{"name":"(anonymous_0)","decl":{"start":{"line":9,"column":15},"end":{"line":9,"column":16}},"loc":{"start":{"line":9,"column":40},"end":{"line":11,"column":3}},"line":9},"1":{"name":"(anonymous_1)","decl":{"start":{"line":12,"column":12},"end":{"line":12,"column":13}},"loc":{"start":{"line":12,"column":37},"end":{"line":14,"column":3}},"line":12}},"branchMap":{},"s":{"0":1,"1":1,"2":1,"3":1,"4":1,"5":1,"6":0,"7":0,"8":1,"9":1,"10":1,"11":1,"12":1,"13":1},"f":{"0":0,"1":0},"b":{},"_coverageSchema":"1a1c01bbd47fc00a2c39e90264f33305004495a9","hash":"8445c1a2f14197eeb05ca1d0ab920d2780333477"}
,"C:\\Users\\HP\\OneDrive - Coventry University\\Documents\\MERN\\HardwareHouse\\server\\routes\\customize.js": {"path":"C:\\Users\\HP\\OneDrive - Coventry University\\Documents\\MERN\\HardwareHouse\\server\\routes\\customize.js","statementMap":{"0":{"start":{"line":1,"column":16},"end":{"line":1,"column":34}},"1":{"start":{"line":2,"column":15},"end":{"line":2,"column":31}},"2":{"start":{"line":3,"column":28},"end":{"line":3,"column":62}},"3":{"start":{"line":4,"column":15},"end":{"line":4,"column":32}},"4":{"start":{"line":6,"column":14},"end":{"line":13,"column":2}},"5":{"start":{"line":8,"column":4},"end":{"line":8,"column":41}},"6":{"start":{"line":11,"column":4},"end":{"line":11,"column":51}},"7":{"start":{"line":15,"column":15},"end":{"line":15,"column":43}},"8":{"start":{"line":17,"column":0},"end":{"line":17,"column":62}},"9":{"start":{"line":18,"column":0},"end":{"line":18,"column":73}},"10":{"start":{"line":19,"column":0},"end":{"line":23,"column":2}},"11":{"start":{"line":24,"column":0},"end":{"line":24,"column":63}},"12":{"start":{"line":26,"column":0},"end":{"line":26,"column":24}}},"fnMap":{"0":{"name":"(anonymous_0)","decl":{"start":{"line":7,"column":15},"end":{"line":7,"column":16}},"loc":{"start":{"line":7,"column":40},"end":{"line":9,"column":3}},"line":7},"1":{"name":"(anonymous_1)","decl":{"start":{"line":10,"column":12},"end":{"line":10,"column":13}},"loc":{"start":{"line":10,"column":37},"end":{"line":12,"column":3}},"line":10}},"branchMap":{},"s":{"0":1,"1":1,"2":1,"3":1,"4":1,"5":0,"6":0,"7":1,"8":1,"9":1,"10":1,"11":1,"12":1},"f":{"0":0,"1":0},"b":{},"_coverageSchema":"1a1c01bbd47fc00a2c39e90264f33305004495a9","hash":"cabdd75fce081cf2e7ce4ac067b48941d7592a01"}
,"C:\\Users\\HP\\OneDrive - Coventry University\\Documents\\MERN\\HardwareHouse\\server\\routes\\orders.js": {"path":"C:\\Users\\HP\\OneDrive - Coventry University\\Documents\\MERN\\HardwareHouse\\server\\routes\\orders.js","statementMap":{"0":{"start":{"line":1,"column":16},"end":{"line":1,"column":34}},"1":{"start":{"line":2,"column":15},"end":{"line":2,"column":31}},"2":{"start":{"line":3,"column":25},"end":{"line":3,"column":56}},"3":{"start":{"line":5,"column":0},"end":{"line":5,"column":61}},"4":{"start":{"line":6,"column":0},"end":{"line":6,"column":63}},"5":{"start":{"line":8,"column":0},"end":{"line":8,"column":63}},"6":{"start":{"line":9,"column":0},"end":{"line":9,"column":63}},"7":{"start":{"line":10,"column":0},"end":{"line":10,"column":63}},"8":{"start":{"line":12,"column":0},"end":{"line":12,"column":24}}},"fnMap":{},"branchMap":{},"s":{"0":1,"1":1,"2":1,"3":1,"4":1,"5":1,"6":1,"7":1,"8":1},"f":{},"b":{},"_coverageSchema":"1a1c01bbd47fc00a2c39e90264f33305004495a9","hash":"c766c3c9563a48bd29b5c5165650f01911977da0"}
,"C:\\Users\\HP\\OneDrive - Coventry University\\Documents\\MERN\\HardwareHouse\\server\\routes\\products.js": {"path":"C:\\Users\\HP\\OneDrive - Coventry University\\Documents\\MERN\\HardwareHouse\\server\\routes\\products.js","statementMap":{"0":{"start":{"line":1,"column":16},"end":{"line":1,"column":34}},"1":{"start":{"line":2,"column":15},"end":{"line":2,"column":31}},"2":{"start":{"line":3,"column":26},"end":{"line":3,"column":59}},"3":{"start":{"line":4,"column":15},"end":{"line":4,"column":32}},"4":{"start":{"line":6,"column":14},"end":{"line":13,"column":2}},"5":{"start":{"line":8,"column":4},"end":{"line":8,"column":40}},"6":{"start":{"line":11,"column":4},"end":{"line":11,"column":51}},"7":{"start":{"line":15,"column":15},"end":{"line":15,"column":43}},"8":{"start":{"line":17,"column":0},"end":{"line":17,"column":60}},"9":{"start":{"line":18,"column":0},"end":{"line":18,"column":76}},"10":{"start":{"line":19,"column":0},"end":{"line":19,"column":70}},"11":{"start":{"line":20,"column":0},"end":{"line":20,"column":63}},"12":{"start":{"line":21,"column":0},"end":{"line":21,"column":63}},"13":{"start":{"line":23,"column":0},"end":{"line":23,"column":76}},"14":{"start":{"line":24,"column":0},"end":{"line":24,"column":78}},"15":{"start":{"line":25,"column":0},"end":{"line":25,"column":67}},"16":{"start":{"line":26,"column":0},"end":{"line":26,"column":67}},"17":{"start":{"line":28,"column":0},"end":{"line":28,"column":60}},"18":{"start":{"line":29,"column":0},"end":{"line":29,"column":62}},"19":{"start":{"line":31,"column":0},"end":{"line":31,"column":24}}},"fnMap":{"0":{"name":"(anonymous_0)","decl":{"start":{"line":7,"column":15},"end":{"line":7,"column":16}},"loc":{"start":{"line":7,"column":40},"end":{"line":9,"column":3}},"line":7},"1":{"name":"(anonymous_1)","decl":{"start":{"line":10,"column":12},"end":{"line":10,"column":13}},"loc":{"start":{"line":10,"column":37},"end":{"line":12,"column":3}},"line":10}},"branchMap":{},"s":{"0":1,"1":1,"2":1,"3":1,"4":1,"5":0,"6":0,"7":1,"8":1,"9":1,"10":1,"11":1,"12":1,"13":1,"14":1,"15":1,"16":1,"17":1,"18":1,"19":1},"f":{"0":0,"1":0},"b":{},"_coverageSchema":"1a1c01bbd47fc00a2c39e90264f33305004495a9","hash":"bd0dbcc015e71335faf79e6f47daf3c5858f750e"}
,"C:\\Users\\HP\\OneDrive - Coventry University\\Documents\\MERN\\HardwareHouse\\server\\routes\\users.js": {"path":"C:\\Users\\HP\\OneDrive - Coventry University\\Documents\\MERN\\HardwareHouse\\server\\routes\\users.js","statementMap":{"0":{"start":{"line":1,"column":16},"end":{"line":1,"column":34}},"1":{"start":{"line":2,"column":15},"end":{"line":2,"column":31}},"2":{"start":{"line":3,"column":24},"end":{"line":3,"column":54}},"3":{"start":{"line":5,"column":0},"end":{"line":5,"column":52}},"4":{"start":{"line":6,"column":0},"end":{"line":6,"column":59}},"5":{"start":{"line":8,"column":0},"end":{"line":8,"column":54}},"6":{"start":{"line":9,"column":0},"end":{"line":9,"column":56}},"7":{"start":{"line":10,"column":0},"end":{"line":10,"column":59}},"8":{"start":{"line":12,"column":0},"end":{"line":12,"column":64}},"9":{"start":{"line":14,"column":0},"end":{"line":14,"column":24}}},"fnMap":{},"branchMap":{},"s":{"0":1,"1":1,"2":1,"3":1,"4":1,"5":1,"6":1,"7":1,"8":1,"9":1},"f":{},"b":{},"_coverageSchema":"1a1c01bbd47fc00a2c39e90264f33305004495a9","hash":"74f4ddea6827de8944ed74e23dd22a6132932b96"}
}
